<!DOCTYPE html>
<html>
<head>
<meta http-equiv="Content-Type" content="text/html; charset=utf-8"/>
<meta http-equiv="x-ua-compatible" content="IE=edge"/>
<title>Test results - Class org.smartregister.anc.library.activity.BaseHomeRegisterActivityTest</title>
<link href="../css/base-style.css" rel="stylesheet" type="text/css"/>
<link href="../css/style.css" rel="stylesheet" type="text/css"/>
<script src="../js/report.js" type="text/javascript"></script>
</head>
<body>
<div id="content">
<h1>Class org.smartregister.anc.library.activity.BaseHomeRegisterActivityTest</h1>
<div class="breadcrumbs">
<a href="../index.html">all</a> &gt; 
<a href="../packages/org.smartregister.anc.library.activity.html">org.smartregister.anc.library.activity</a> &gt; BaseHomeRegisterActivityTest</div>
<div id="summary">
<table>
<tr>
<td>
<div class="summaryGroup">
<table>
<tr>
<td>
<div class="infoBox" id="tests">
<div class="counter">15</div>
<p>tests</p>
</div>
</td>
<td>
<div class="infoBox" id="failures">
<div class="counter">0</div>
<p>failures</p>
</div>
</td>
<td>
<div class="infoBox" id="ignored">
<div class="counter">0</div>
<p>ignored</p>
</div>
</td>
<td>
<div class="infoBox" id="duration">
<div class="counter">19.782s</div>
<p>duration</p>
</div>
</td>
</tr>
</table>
</div>
</td>
<td>
<div class="infoBox success" id="successRate">
<div class="percent">100%</div>
<p>successful</p>
</div>
</td>
</tr>
</table>
</div>
<div id="tabs">
<ul class="tabLinks">
<li>
<a href="#tab0">Tests</a>
</li>
<li>
<a href="#tab1">Standard error</a>
</li>
</ul>
<div id="tab0" class="tab">
<h2>Tests</h2>
<table>
<thead>
<tr>
<th>Test</th>
<th>Duration</th>
<th>Result</th>
</tr>
</thead>
<tr>
<td class="success">testActivityCreatedSuccesfully</td>
<td class="success">1.117s</td>
<td class="success">passed</td>
</tr>
<tr>
<td class="success">testGetContextReturnsCorrectActivityInstance</td>
<td class="success">1.249s</td>
<td class="success">passed</td>
</tr>
<tr>
<td class="success">testGetOtherFragmentsShouldReturnCorrectInstances</td>
<td class="success">1.159s</td>
<td class="success">passed</td>
</tr>
<tr>
<td class="success">testGetRegisterFragmentShouldReturnAValidInstance</td>
<td class="success">1.123s</td>
<td class="success">passed</td>
</tr>
<tr>
<td class="success">testGetViewIdentifiersReturnsCorrectIdentifierValues</td>
<td class="success">1.262s</td>
<td class="success">passed</td>
</tr>
<tr>
<td class="success">testHomeRegisterActivityOnBackPressedCalled</td>
<td class="success">1.339s</td>
<td class="success">passed</td>
</tr>
<tr>
<td class="success">testInitializePresenterInstantiatesPresenterCorrectly</td>
<td class="success">1.122s</td>
<td class="success">passed</td>
</tr>
<tr>
<td class="success">testRemovePatientHandlerShouldInvokeCorrectMethods</td>
<td class="success">1.340s</td>
<td class="success">passed</td>
</tr>
<tr>
<td class="success">testShowProgressDialogHandlerInvokesShowProgressDialogWithCorrectTitle</td>
<td class="success">1.577s</td>
<td class="success">passed</td>
</tr>
<tr>
<td class="success">testShowRecordBirthPopUpInvokesMethodsOnRecordBirthAlertDialogsCorrectly</td>
<td class="success">1.428s</td>
<td class="success">passed</td>
</tr>
<tr>
<td class="success">testStartFormActivityDisplaysErrorMessageToastWhenExceptionThrown</td>
<td class="success">1.303s</td>
<td class="success">passed</td>
</tr>
<tr>
<td class="success">testStartFormActivityInvokesPresenterStartFormMethodWithCorrectParameters</td>
<td class="success">1.252s</td>
<td class="success">passed</td>
</tr>
<tr>
<td class="success">testStartRegistrationFormActivityInvokesPresenterStartFormMethodWithCorrectParameters</td>
<td class="success">1.668s</td>
<td class="success">passed</td>
</tr>
<tr>
<td class="success">testSwitchToAdvancedSearchFromBarcode</td>
<td class="success">1.682s</td>
<td class="success">passed</td>
</tr>
<tr>
<td class="success">testUpdateSortAndFilterShouldInvokeCorrectMethods</td>
<td class="success">1.161s</td>
<td class="success">passed</td>
</tr>
</table>
</div>
<div id="tab1" class="tab">
<h2>Standard error</h2>
<span class="code">
<pre>java.lang.instrument.IllegalClassFormatException: Error while instrumenting class org/smartregister/view/fragment/BaseRegisterFragment.
	at org.jacoco.agent.rt.internal_8ff85ea.CoverageTransformer.transform(CoverageTransformer.java:93)
	at sun.instrument.TransformerManager.transform(TransformerManager.java:188)
	at sun.instrument.InstrumentationImpl.transform(InstrumentationImpl.java:428)
	at java.lang.ClassLoader.defineClass1(Native Method)
	at java.lang.ClassLoader.defineClass(ClassLoader.java:763)
	at java.security.SecureClassLoader.defineClass(SecureClassLoader.java:142)
	at java.net.URLClassLoader.defineClass(URLClassLoader.java:467)
	at java.net.URLClassLoader.access$100(URLClassLoader.java:73)
	at java.net.URLClassLoader$1.run(URLClassLoader.java:368)
	at java.net.URLClassLoader$1.run(URLClassLoader.java:362)
	at java.security.AccessController.doPrivileged(Native Method)
	at java.net.URLClassLoader.findClass(URLClassLoader.java:361)
	at java.lang.ClassLoader.loadClass(ClassLoader.java:424)
	at sun.misc.Launcher$AppClassLoader.loadClass(Launcher.java:331)
	at java.lang.ClassLoader.loadClass(ClassLoader.java:357)
	at java.lang.ClassLoader.defineClass1(Native Method)
	at java.lang.ClassLoader.defineClass(ClassLoader.java:763)
	at java.security.SecureClassLoader.defineClass(SecureClassLoader.java:142)
	at java.net.URLClassLoader.defineClass(URLClassLoader.java:467)
	at java.net.URLClassLoader.access$100(URLClassLoader.java:73)
	at java.net.URLClassLoader$1.run(URLClassLoader.java:368)
	at java.net.URLClassLoader$1.run(URLClassLoader.java:362)
	at java.security.AccessController.doPrivileged(Native Method)
	at java.net.URLClassLoader.findClass(URLClassLoader.java:361)
	at java.lang.ClassLoader.loadClass(ClassLoader.java:424)
	at sun.misc.Launcher$AppClassLoader.loadClass(Launcher.java:331)
	at java.lang.ClassLoader.loadClass(ClassLoader.java:357)
	at java.lang.Class.getDeclaredFields0(Native Method)
	at java.lang.Class.privateGetDeclaredFields(Class.java:2583)
	at java.lang.Class.getDeclaredFields(Class.java:1916)
	at org.junit.runners.model.TestClass.getSortedDeclaredFields(TestClass.java:77)
	at org.junit.runners.model.TestClass.scanAnnotatedMembers(TestClass.java:70)
	at org.junit.runners.model.TestClass.&lt;init&gt;(TestClass.java:57)
	at org.junit.runners.ParentRunner.createTestClass(ParentRunner.java:88)
	at org.junit.runners.ParentRunner.&lt;init&gt;(ParentRunner.java:83)
	at org.junit.runners.BlockJUnit4ClassRunner.&lt;init&gt;(BlockJUnit4ClassRunner.java:65)
	at org.robolectric.internal.SandboxTestRunner.&lt;init&gt;(SandboxTestRunner.java:56)
	at org.robolectric.RobolectricTestRunner.&lt;init&gt;(RobolectricTestRunner.java:97)
	at sun.reflect.GeneratedConstructorAccessor114.newInstance(Unknown Source)
	at sun.reflect.DelegatingConstructorAccessorImpl.newInstance(DelegatingConstructorAccessorImpl.java:45)
	at java.lang.reflect.Constructor.newInstance(Constructor.java:423)
	at org.junit.internal.builders.AnnotatedBuilder.buildRunner(AnnotatedBuilder.java:104)
	at org.junit.internal.builders.AnnotatedBuilder.runnerForClass(AnnotatedBuilder.java:86)
	at org.junit.runners.model.RunnerBuilder.safeRunnerForClass(RunnerBuilder.java:59)
	at org.junit.internal.builders.AllDefaultPossibilitiesBuilder.runnerForClass(AllDefaultPossibilitiesBuilder.java:26)
	at org.junit.runners.model.RunnerBuilder.safeRunnerForClass(RunnerBuilder.java:59)
	at org.junit.internal.requests.ClassRequest.getRunner(ClassRequest.java:33)
	at org.gradle.api.internal.tasks.testing.junit.JUnitTestClassExecutor.runTestClass(JUnitTestClassExecutor.java:78)
	at org.gradle.api.internal.tasks.testing.junit.JUnitTestClassExecutor.execute(JUnitTestClassExecutor.java:58)
	at org.gradle.api.internal.tasks.testing.junit.JUnitTestClassExecutor.execute(JUnitTestClassExecutor.java:38)
	at org.gradle.api.internal.tasks.testing.junit.AbstractJUnitTestClassProcessor.processTestClass(AbstractJUnitTestClassProcessor.java:66)
	at org.gradle.api.internal.tasks.testing.SuiteTestClassProcessor.processTestClass(SuiteTestClassProcessor.java:51)
	at sun.reflect.GeneratedMethodAccessor138.invoke(Unknown Source)
	at sun.reflect.DelegatingMethodAccessorImpl.invoke(DelegatingMethodAccessorImpl.java:43)
	at java.lang.reflect.Method.invoke(Method.java:498)
	at org.gradle.internal.dispatch.ReflectionDispatch.dispatch(ReflectionDispatch.java:35)
	at org.gradle.internal.dispatch.ReflectionDispatch.dispatch(ReflectionDispatch.java:24)
	at org.gradle.internal.dispatch.ContextClassLoaderDispatch.dispatch(ContextClassLoaderDispatch.java:32)
	at org.gradle.internal.dispatch.ProxyDispatchAdapter$DispatchingInvocationHandler.invoke(ProxyDispatchAdapter.java:93)
	at com.sun.proxy.$Proxy2.processTestClass(Unknown Source)
	at org.gradle.api.internal.tasks.testing.worker.TestWorker.processTestClass(TestWorker.java:117)
	at sun.reflect.GeneratedMethodAccessor137.invoke(Unknown Source)
	at sun.reflect.DelegatingMethodAccessorImpl.invoke(DelegatingMethodAccessorImpl.java:43)
	at java.lang.reflect.Method.invoke(Method.java:498)
	at org.gradle.internal.dispatch.ReflectionDispatch.dispatch(ReflectionDispatch.java:35)
	at org.gradle.internal.dispatch.ReflectionDispatch.dispatch(ReflectionDispatch.java:24)
	at org.gradle.internal.remote.internal.hub.MessageHubBackedObjectConnection$DispatchWrapper.dispatch(MessageHubBackedObjectConnection.java:155)
	at org.gradle.internal.remote.internal.hub.MessageHubBackedObjectConnection$DispatchWrapper.dispatch(MessageHubBackedObjectConnection.java:137)
	at org.gradle.internal.remote.internal.hub.MessageHub$Handler.run(MessageHub.java:404)
	at org.gradle.internal.concurrent.ExecutorPolicy$CatchAndRecordFailures.onExecute(ExecutorPolicy.java:63)
	at org.gradle.internal.concurrent.ManagedExecutorImpl$1.run(ManagedExecutorImpl.java:46)
	at java.util.concurrent.ThreadPoolExecutor.runWorker(ThreadPoolExecutor.java:1142)
	at java.util.concurrent.ThreadPoolExecutor$Worker.run(ThreadPoolExecutor.java:617)
	at org.gradle.internal.concurrent.ThreadFactoryImpl$ManagedThreadRunnable.run(ThreadFactoryImpl.java:55)
	at java.lang.Thread.run(Thread.java:745)
Caused by: java.io.IOException: Error while instrumenting class org/smartregister/view/fragment/BaseRegisterFragment.
	at org.jacoco.agent.rt.internal_8ff85ea.core.instr.Instrumenter.instrumentError(Instrumenter.java:166)
	at org.jacoco.agent.rt.internal_8ff85ea.core.instr.Instrumenter.instrument(Instrumenter.java:117)
	at org.jacoco.agent.rt.internal_8ff85ea.CoverageTransformer.transform(CoverageTransformer.java:91)
	... 74 more
Caused by: java.lang.IllegalStateException: Class org/smartregister/view/fragment/BaseRegisterFragment is already instrumented.
	at org.jacoco.agent.rt.internal_8ff85ea.core.internal.instr.InstrSupport.assertNotInstrumented(InstrSupport.java:176)
	at org.jacoco.agent.rt.internal_8ff85ea.core.internal.instr.ClassInstrumenter.visitField(ClassInstrumenter.java:55)
	at org.jacoco.agent.rt.internal_8ff85ea.asm.ClassVisitor.visitField(ClassVisitor.java:272)
	at org.jacoco.agent.rt.internal_8ff85ea.asm.ClassReader.readField(ClassReader.java:783)
	at org.jacoco.agent.rt.internal_8ff85ea.asm.ClassReader.accept(ClassReader.java:704)
	at org.jacoco.agent.rt.internal_8ff85ea.asm.ClassReader.accept(ClassReader.java:521)
	at org.jacoco.agent.rt.internal_8ff85ea.core.instr.Instrumenter.instrument(Instrumenter.java:90)
	at org.jacoco.agent.rt.internal_8ff85ea.core.instr.Instrumenter.instrument(Instrumenter.java:114)
	... 75 more
java.lang.instrument.IllegalClassFormatException: Error while instrumenting class org/smartregister/cursoradapter/RecyclerViewFragment.
	at org.jacoco.agent.rt.internal_8ff85ea.CoverageTransformer.transform(CoverageTransformer.java:93)
	at sun.instrument.TransformerManager.transform(TransformerManager.java:188)
	at sun.instrument.InstrumentationImpl.transform(InstrumentationImpl.java:428)
	at java.lang.ClassLoader.defineClass1(Native Method)
	at java.lang.ClassLoader.defineClass(ClassLoader.java:763)
	at java.security.SecureClassLoader.defineClass(SecureClassLoader.java:142)
	at java.net.URLClassLoader.defineClass(URLClassLoader.java:467)
	at java.net.URLClassLoader.access$100(URLClassLoader.java:73)
	at java.net.URLClassLoader$1.run(URLClassLoader.java:368)
	at java.net.URLClassLoader$1.run(URLClassLoader.java:362)
	at java.security.AccessController.doPrivileged(Native Method)
	at java.net.URLClassLoader.findClass(URLClassLoader.java:361)
	at java.lang.ClassLoader.loadClass(ClassLoader.java:424)
	at sun.misc.Launcher$AppClassLoader.loadClass(Launcher.java:331)
	at java.lang.ClassLoader.loadClass(ClassLoader.java:357)
	at java.lang.ClassLoader.defineClass1(Native Method)
	at java.lang.ClassLoader.defineClass(ClassLoader.java:763)
	at java.security.SecureClassLoader.defineClass(SecureClassLoader.java:142)
	at java.net.URLClassLoader.defineClass(URLClassLoader.java:467)
	at java.net.URLClassLoader.access$100(URLClassLoader.java:73)
	at java.net.URLClassLoader$1.run(URLClassLoader.java:368)
	at java.net.URLClassLoader$1.run(URLClassLoader.java:362)
	at java.security.AccessController.doPrivileged(Native Method)
	at java.net.URLClassLoader.findClass(URLClassLoader.java:361)
	at java.lang.ClassLoader.loadClass(ClassLoader.java:424)
	at sun.misc.Launcher$AppClassLoader.loadClass(Launcher.java:331)
	at java.lang.ClassLoader.loadClass(ClassLoader.java:357)
	at java.lang.ClassLoader.defineClass1(Native Method)
	at java.lang.ClassLoader.defineClass(ClassLoader.java:763)
	at java.security.SecureClassLoader.defineClass(SecureClassLoader.java:142)
	at java.net.URLClassLoader.defineClass(URLClassLoader.java:467)
	at java.net.URLClassLoader.access$100(URLClassLoader.java:73)
	at java.net.URLClassLoader$1.run(URLClassLoader.java:368)
	at java.net.URLClassLoader$1.run(URLClassLoader.java:362)
	at java.security.AccessController.doPrivileged(Native Method)
	at java.net.URLClassLoader.findClass(URLClassLoader.java:361)
	at java.lang.ClassLoader.loadClass(ClassLoader.java:424)
	at sun.misc.Launcher$AppClassLoader.loadClass(Launcher.java:331)
	at java.lang.ClassLoader.loadClass(ClassLoader.java:357)
	at java.lang.Class.getDeclaredFields0(Native Method)
	at java.lang.Class.privateGetDeclaredFields(Class.java:2583)
	at java.lang.Class.getDeclaredFields(Class.java:1916)
	at org.junit.runners.model.TestClass.getSortedDeclaredFields(TestClass.java:77)
	at org.junit.runners.model.TestClass.scanAnnotatedMembers(TestClass.java:70)
	at org.junit.runners.model.TestClass.&lt;init&gt;(TestClass.java:57)
	at org.junit.runners.ParentRunner.createTestClass(ParentRunner.java:88)
	at org.junit.runners.ParentRunner.&lt;init&gt;(ParentRunner.java:83)
	at org.junit.runners.BlockJUnit4ClassRunner.&lt;init&gt;(BlockJUnit4ClassRunner.java:65)
	at org.robolectric.internal.SandboxTestRunner.&lt;init&gt;(SandboxTestRunner.java:56)
	at org.robolectric.RobolectricTestRunner.&lt;init&gt;(RobolectricTestRunner.java:97)
	at sun.reflect.GeneratedConstructorAccessor114.newInstance(Unknown Source)
	at sun.reflect.DelegatingConstructorAccessorImpl.newInstance(DelegatingConstructorAccessorImpl.java:45)
	at java.lang.reflect.Constructor.newInstance(Constructor.java:423)
	at org.junit.internal.builders.AnnotatedBuilder.buildRunner(AnnotatedBuilder.java:104)
	at org.junit.internal.builders.AnnotatedBuilder.runnerForClass(AnnotatedBuilder.java:86)
	at org.junit.runners.model.RunnerBuilder.safeRunnerForClass(RunnerBuilder.java:59)
	at org.junit.internal.builders.AllDefaultPossibilitiesBuilder.runnerForClass(AllDefaultPossibilitiesBuilder.java:26)
	at org.junit.runners.model.RunnerBuilder.safeRunnerForClass(RunnerBuilder.java:59)
	at org.junit.internal.requests.ClassRequest.getRunner(ClassRequest.java:33)
	at org.gradle.api.internal.tasks.testing.junit.JUnitTestClassExecutor.runTestClass(JUnitTestClassExecutor.java:78)
	at org.gradle.api.internal.tasks.testing.junit.JUnitTestClassExecutor.execute(JUnitTestClassExecutor.java:58)
	at org.gradle.api.internal.tasks.testing.junit.JUnitTestClassExecutor.execute(JUnitTestClassExecutor.java:38)
	at org.gradle.api.internal.tasks.testing.junit.AbstractJUnitTestClassProcessor.processTestClass(AbstractJUnitTestClassProcessor.java:66)
	at org.gradle.api.internal.tasks.testing.SuiteTestClassProcessor.processTestClass(SuiteTestClassProcessor.java:51)
	at sun.reflect.GeneratedMethodAccessor138.invoke(Unknown Source)
	at sun.reflect.DelegatingMethodAccessorImpl.invoke(DelegatingMethodAccessorImpl.java:43)
	at java.lang.reflect.Method.invoke(Method.java:498)
	at org.gradle.internal.dispatch.ReflectionDispatch.dispatch(ReflectionDispatch.java:35)
	at org.gradle.internal.dispatch.ReflectionDispatch.dispatch(ReflectionDispatch.java:24)
	at org.gradle.internal.dispatch.ContextClassLoaderDispatch.dispatch(ContextClassLoaderDispatch.java:32)
	at org.gradle.internal.dispatch.ProxyDispatchAdapter$DispatchingInvocationHandler.invoke(ProxyDispatchAdapter.java:93)
	at com.sun.proxy.$Proxy2.processTestClass(Unknown Source)
	at org.gradle.api.internal.tasks.testing.worker.TestWorker.processTestClass(TestWorker.java:117)
	at sun.reflect.GeneratedMethodAccessor137.invoke(Unknown Source)
	at sun.reflect.DelegatingMethodAccessorImpl.invoke(DelegatingMethodAccessorImpl.java:43)
	at java.lang.reflect.Method.invoke(Method.java:498)
	at org.gradle.internal.dispatch.ReflectionDispatch.dispatch(ReflectionDispatch.java:35)
	at org.gradle.internal.dispatch.ReflectionDispatch.dispatch(ReflectionDispatch.java:24)
	at org.gradle.internal.remote.internal.hub.MessageHubBackedObjectConnection$DispatchWrapper.dispatch(MessageHubBackedObjectConnection.java:155)
	at org.gradle.internal.remote.internal.hub.MessageHubBackedObjectConnection$DispatchWrapper.dispatch(MessageHubBackedObjectConnection.java:137)
	at org.gradle.internal.remote.internal.hub.MessageHub$Handler.run(MessageHub.java:404)
	at org.gradle.internal.concurrent.ExecutorPolicy$CatchAndRecordFailures.onExecute(ExecutorPolicy.java:63)
	at org.gradle.internal.concurrent.ManagedExecutorImpl$1.run(ManagedExecutorImpl.java:46)
	at java.util.concurrent.ThreadPoolExecutor.runWorker(ThreadPoolExecutor.java:1142)
	at java.util.concurrent.ThreadPoolExecutor$Worker.run(ThreadPoolExecutor.java:617)
	at org.gradle.internal.concurrent.ThreadFactoryImpl$ManagedThreadRunnable.run(ThreadFactoryImpl.java:55)
	at java.lang.Thread.run(Thread.java:745)
Caused by: java.io.IOException: Error while instrumenting class org/smartregister/cursoradapter/RecyclerViewFragment.
	at org.jacoco.agent.rt.internal_8ff85ea.core.instr.Instrumenter.instrumentError(Instrumenter.java:166)
	at org.jacoco.agent.rt.internal_8ff85ea.core.instr.Instrumenter.instrument(Instrumenter.java:117)
	at org.jacoco.agent.rt.internal_8ff85ea.CoverageTransformer.transform(CoverageTransformer.java:91)
	... 86 more
Caused by: java.lang.IllegalStateException: Class org/smartregister/cursoradapter/RecyclerViewFragment is already instrumented.
	at org.jacoco.agent.rt.internal_8ff85ea.core.internal.instr.InstrSupport.assertNotInstrumented(InstrSupport.java:176)
	at org.jacoco.agent.rt.internal_8ff85ea.core.internal.instr.ClassInstrumenter.visitField(ClassInstrumenter.java:55)
	at org.jacoco.agent.rt.internal_8ff85ea.asm.ClassVisitor.visitField(ClassVisitor.java:272)
	at org.jacoco.agent.rt.internal_8ff85ea.asm.ClassReader.readField(ClassReader.java:783)
	at org.jacoco.agent.rt.internal_8ff85ea.asm.ClassReader.accept(ClassReader.java:704)
	at org.jacoco.agent.rt.internal_8ff85ea.asm.ClassReader.accept(ClassReader.java:521)
	at org.jacoco.agent.rt.internal_8ff85ea.core.instr.Instrumenter.instrument(Instrumenter.java:90)
	at org.jacoco.agent.rt.internal_8ff85ea.core.instr.Instrumenter.instrument(Instrumenter.java:114)
	... 87 more
java.lang.instrument.IllegalClassFormatException: Error while instrumenting class org/smartregister/view/fragment/SecuredNativeSmartRegisterFragment.
	at org.jacoco.agent.rt.internal_8ff85ea.CoverageTransformer.transform(CoverageTransformer.java:93)
	at sun.instrument.TransformerManager.transform(TransformerManager.java:188)
	at sun.instrument.InstrumentationImpl.transform(InstrumentationImpl.java:428)
	at java.lang.ClassLoader.defineClass1(Native Method)
	at java.lang.ClassLoader.defineClass(ClassLoader.java:763)
	at java.security.SecureClassLoader.defineClass(SecureClassLoader.java:142)
	at java.net.URLClassLoader.defineClass(URLClassLoader.java:467)
	at java.net.URLClassLoader.access$100(URLClassLoader.java:73)
	at java.net.URLClassLoader$1.run(URLClassLoader.java:368)
	at java.net.URLClassLoader$1.run(URLClassLoader.java:362)
	at java.security.AccessController.doPrivileged(Native Method)
	at java.net.URLClassLoader.findClass(URLClassLoader.java:361)
	at java.lang.ClassLoader.loadClass(ClassLoader.java:424)
	at sun.misc.Launcher$AppClassLoader.loadClass(Launcher.java:331)
	at java.lang.ClassLoader.loadClass(ClassLoader.java:357)
	at java.lang.ClassLoader.defineClass1(Native Method)
	at java.lang.ClassLoader.defineClass(ClassLoader.java:763)
	at java.security.SecureClassLoader.defineClass(SecureClassLoader.java:142)
	at java.net.URLClassLoader.defineClass(URLClassLoader.java:467)
	at java.net.URLClassLoader.access$100(URLClassLoader.java:73)
	at java.net.URLClassLoader$1.run(URLClassLoader.java:368)
	at java.net.URLClassLoader$1.run(URLClassLoader.java:362)
	at java.security.AccessController.doPrivileged(Native Method)
	at java.net.URLClassLoader.findClass(URLClassLoader.java:361)
	at java.lang.ClassLoader.loadClass(ClassLoader.java:424)
	at sun.misc.Launcher$AppClassLoader.loadClass(Launcher.java:331)
	at java.lang.ClassLoader.loadClass(ClassLoader.java:357)
	at java.lang.ClassLoader.defineClass1(Native Method)
	at java.lang.ClassLoader.defineClass(ClassLoader.java:763)
	at java.security.SecureClassLoader.defineClass(SecureClassLoader.java:142)
	at java.net.URLClassLoader.defineClass(URLClassLoader.java:467)
	at java.net.URLClassLoader.access$100(URLClassLoader.java:73)
	at java.net.URLClassLoader$1.run(URLClassLoader.java:368)
	at java.net.URLClassLoader$1.run(URLClassLoader.java:362)
	at java.security.AccessController.doPrivileged(Native Method)
	at java.net.URLClassLoader.findClass(URLClassLoader.java:361)
	at java.lang.ClassLoader.loadClass(ClassLoader.java:424)
	at sun.misc.Launcher$AppClassLoader.loadClass(Launcher.java:331)
	at java.lang.ClassLoader.loadClass(ClassLoader.java:357)
	at java.lang.ClassLoader.defineClass1(Native Method)
	at java.lang.ClassLoader.defineClass(ClassLoader.java:763)
	at java.security.SecureClassLoader.defineClass(SecureClassLoader.java:142)
	at java.net.URLClassLoader.defineClass(URLClassLoader.java:467)
	at java.net.URLClassLoader.access$100(URLClassLoader.java:73)
	at java.net.URLClassLoader$1.run(URLClassLoader.java:368)
	at java.net.URLClassLoader$1.run(URLClassLoader.java:362)
	at java.security.AccessController.doPrivileged(Native Method)
	at java.net.URLClassLoader.findClass(URLClassLoader.java:361)
	at java.lang.ClassLoader.loadClass(ClassLoader.java:424)
	at sun.misc.Launcher$AppClassLoader.loadClass(Launcher.java:331)
	at java.lang.ClassLoader.loadClass(ClassLoader.java:357)
	at java.lang.Class.getDeclaredFields0(Native Method)
	at java.lang.Class.privateGetDeclaredFields(Class.java:2583)
	at java.lang.Class.getDeclaredFields(Class.java:1916)
	at org.junit.runners.model.TestClass.getSortedDeclaredFields(TestClass.java:77)
	at org.junit.runners.model.TestClass.scanAnnotatedMembers(TestClass.java:70)
	at org.junit.runners.model.TestClass.&lt;init&gt;(TestClass.java:57)
	at org.junit.runners.ParentRunner.createTestClass(ParentRunner.java:88)
	at org.junit.runners.ParentRunner.&lt;init&gt;(ParentRunner.java:83)
	at org.junit.runners.BlockJUnit4ClassRunner.&lt;init&gt;(BlockJUnit4ClassRunner.java:65)
	at org.robolectric.internal.SandboxTestRunner.&lt;init&gt;(SandboxTestRunner.java:56)
	at org.robolectric.RobolectricTestRunner.&lt;init&gt;(RobolectricTestRunner.java:97)
	at sun.reflect.GeneratedConstructorAccessor114.newInstance(Unknown Source)
	at sun.reflect.DelegatingConstructorAccessorImpl.newInstance(DelegatingConstructorAccessorImpl.java:45)
	at java.lang.reflect.Constructor.newInstance(Constructor.java:423)
	at org.junit.internal.builders.AnnotatedBuilder.buildRunner(AnnotatedBuilder.java:104)
	at org.junit.internal.builders.AnnotatedBuilder.runnerForClass(AnnotatedBuilder.java:86)
	at org.junit.runners.model.RunnerBuilder.safeRunnerForClass(RunnerBuilder.java:59)
	at org.junit.internal.builders.AllDefaultPossibilitiesBuilder.runnerForClass(AllDefaultPossibilitiesBuilder.java:26)
	at org.junit.runners.model.RunnerBuilder.safeRunnerForClass(RunnerBuilder.java:59)
	at org.junit.internal.requests.ClassRequest.getRunner(ClassRequest.java:33)
	at org.gradle.api.internal.tasks.testing.junit.JUnitTestClassExecutor.runTestClass(JUnitTestClassExecutor.java:78)
	at org.gradle.api.internal.tasks.testing.junit.JUnitTestClassExecutor.execute(JUnitTestClassExecutor.java:58)
	at org.gradle.api.internal.tasks.testing.junit.JUnitTestClassExecutor.execute(JUnitTestClassExecutor.java:38)
	at org.gradle.api.internal.tasks.testing.junit.AbstractJUnitTestClassProcessor.processTestClass(AbstractJUnitTestClassProcessor.java:66)
	at org.gradle.api.internal.tasks.testing.SuiteTestClassProcessor.processTestClass(SuiteTestClassProcessor.java:51)
	at sun.reflect.GeneratedMethodAccessor138.invoke(Unknown Source)
	at sun.reflect.DelegatingMethodAccessorImpl.invoke(DelegatingMethodAccessorImpl.java:43)
	at java.lang.reflect.Method.invoke(Method.java:498)
	at org.gradle.internal.dispatch.ReflectionDispatch.dispatch(ReflectionDispatch.java:35)
	at org.gradle.internal.dispatch.ReflectionDispatch.dispatch(ReflectionDispatch.java:24)
	at org.gradle.internal.dispatch.ContextClassLoaderDispatch.dispatch(ContextClassLoaderDispatch.java:32)
	at org.gradle.internal.dispatch.ProxyDispatchAdapter$DispatchingInvocationHandler.invoke(ProxyDispatchAdapter.java:93)
	at com.sun.proxy.$Proxy2.processTestClass(Unknown Source)
	at org.gradle.api.internal.tasks.testing.worker.TestWorker.processTestClass(TestWorker.java:117)
	at sun.reflect.GeneratedMethodAccessor137.invoke(Unknown Source)
	at sun.reflect.DelegatingMethodAccessorImpl.invoke(DelegatingMethodAccessorImpl.java:43)
	at java.lang.reflect.Method.invoke(Method.java:498)
	at org.gradle.internal.dispatch.ReflectionDispatch.dispatch(ReflectionDispatch.java:35)
	at org.gradle.internal.dispatch.ReflectionDispatch.dispatch(ReflectionDispatch.java:24)
	at org.gradle.internal.remote.internal.hub.MessageHubBackedObjectConnection$DispatchWrapper.dispatch(MessageHubBackedObjectConnection.java:155)
	at org.gradle.internal.remote.internal.hub.MessageHubBackedObjectConnection$DispatchWrapper.dispatch(MessageHubBackedObjectConnection.java:137)
	at org.gradle.internal.remote.internal.hub.MessageHub$Handler.run(MessageHub.java:404)
	at org.gradle.internal.concurrent.ExecutorPolicy$CatchAndRecordFailures.onExecute(ExecutorPolicy.java:63)
	at org.gradle.internal.concurrent.ManagedExecutorImpl$1.run(ManagedExecutorImpl.java:46)
	at java.util.concurrent.ThreadPoolExecutor.runWorker(ThreadPoolExecutor.java:1142)
	at java.util.concurrent.ThreadPoolExecutor$Worker.run(ThreadPoolExecutor.java:617)
	at org.gradle.internal.concurrent.ThreadFactoryImpl$ManagedThreadRunnable.run(ThreadFactoryImpl.java:55)
	at java.lang.Thread.run(Thread.java:745)
Caused by: java.io.IOException: Error while instrumenting class org/smartregister/view/fragment/SecuredNativeSmartRegisterFragment.
	at org.jacoco.agent.rt.internal_8ff85ea.core.instr.Instrumenter.instrumentError(Instrumenter.java:166)
	at org.jacoco.agent.rt.internal_8ff85ea.core.instr.Instrumenter.instrument(Instrumenter.java:117)
	at org.jacoco.agent.rt.internal_8ff85ea.CoverageTransformer.transform(CoverageTransformer.java:91)
	... 98 more
Caused by: java.lang.IllegalStateException: Class org/smartregister/view/fragment/SecuredNativeSmartRegisterFragment is already instrumented.
	at org.jacoco.agent.rt.internal_8ff85ea.core.internal.instr.InstrSupport.assertNotInstrumented(InstrSupport.java:176)
	at org.jacoco.agent.rt.internal_8ff85ea.core.internal.instr.ClassInstrumenter.visitField(ClassInstrumenter.java:55)
	at org.jacoco.agent.rt.internal_8ff85ea.asm.ClassVisitor.visitField(ClassVisitor.java:272)
	at org.jacoco.agent.rt.internal_8ff85ea.asm.ClassReader.readField(ClassReader.java:783)
	at org.jacoco.agent.rt.internal_8ff85ea.asm.ClassReader.accept(ClassReader.java:704)
	at org.jacoco.agent.rt.internal_8ff85ea.asm.ClassReader.accept(ClassReader.java:521)
	at org.jacoco.agent.rt.internal_8ff85ea.core.instr.Instrumenter.instrument(Instrumenter.java:90)
	at org.jacoco.agent.rt.internal_8ff85ea.core.instr.Instrumenter.instrument(Instrumenter.java:114)
	... 99 more
java.lang.instrument.IllegalClassFormatException: Error while instrumenting class org/smartregister/view/fragment/SecuredFragment.
	at org.jacoco.agent.rt.internal_8ff85ea.CoverageTransformer.transform(CoverageTransformer.java:93)
	at sun.instrument.TransformerManager.transform(TransformerManager.java:188)
	at sun.instrument.InstrumentationImpl.transform(InstrumentationImpl.java:428)
	at java.lang.ClassLoader.defineClass1(Native Method)
	at java.lang.ClassLoader.defineClass(ClassLoader.java:763)
	at java.security.SecureClassLoader.defineClass(SecureClassLoader.java:142)
	at java.net.URLClassLoader.defineClass(URLClassLoader.java:467)
	at java.net.URLClassLoader.access$100(URLClassLoader.java:73)
	at java.net.URLClassLoader$1.run(URLClassLoader.java:368)
	at java.net.URLClassLoader$1.run(URLClassLoader.java:362)
	at java.security.AccessController.doPrivileged(Native Method)
	at java.net.URLClassLoader.findClass(URLClassLoader.java:361)
	at java.lang.ClassLoader.loadClass(ClassLoader.java:424)
	at sun.misc.Launcher$AppClassLoader.loadClass(Launcher.java:331)
	at java.lang.ClassLoader.loadClass(ClassLoader.java:357)
	at java.lang.ClassLoader.defineClass1(Native Method)
	at java.lang.ClassLoader.defineClass(ClassLoader.java:763)
	at java.security.SecureClassLoader.defineClass(SecureClassLoader.java:142)
	at java.net.URLClassLoader.defineClass(URLClassLoader.java:467)
	at java.net.URLClassLoader.access$100(URLClassLoader.java:73)
	at java.net.URLClassLoader$1.run(URLClassLoader.java:368)
	at java.net.URLClassLoader$1.run(URLClassLoader.java:362)
	at java.security.AccessController.doPrivileged(Native Method)
	at java.net.URLClassLoader.findClass(URLClassLoader.java:361)
	at java.lang.ClassLoader.loadClass(ClassLoader.java:424)
	at sun.misc.Launcher$AppClassLoader.loadClass(Launcher.java:331)
	at java.lang.ClassLoader.loadClass(ClassLoader.java:357)
	at java.lang.ClassLoader.defineClass1(Native Method)
	at java.lang.ClassLoader.defineClass(ClassLoader.java:763)
	at java.security.SecureClassLoader.defineClass(SecureClassLoader.java:142)
	at java.net.URLClassLoader.defineClass(URLClassLoader.java:467)
	at java.net.URLClassLoader.access$100(URLClassLoader.java:73)
	at java.net.URLClassLoader$1.run(URLClassLoader.java:368)
	at java.net.URLClassLoader$1.run(URLClassLoader.java:362)
	at java.security.AccessController.doPrivileged(Native Method)
	at java.net.URLClassLoader.findClass(URLClassLoader.java:361)
	at java.lang.ClassLoader.loadClass(ClassLoader.java:424)
	at sun.misc.Launcher$AppClassLoader.loadClass(Launcher.java:331)
	at java.lang.ClassLoader.loadClass(ClassLoader.java:357)
	at java.lang.ClassLoader.defineClass1(Native Method)
	at java.lang.ClassLoader.defineClass(ClassLoader.java:763)
	at java.security.SecureClassLoader.defineClass(SecureClassLoader.java:142)
	at java.net.URLClassLoader.defineClass(URLClassLoader.java:467)
	at java.net.URLClassLoader.access$100(URLClassLoader.java:73)
	at java.net.URLClassLoader$1.run(URLClassLoader.java:368)
	at java.net.URLClassLoader$1.run(URLClassLoader.java:362)
	at java.security.AccessController.doPrivileged(Native Method)
	at java.net.URLClassLoader.findClass(URLClassLoader.java:361)
	at java.lang.ClassLoader.loadClass(ClassLoader.java:424)
	at sun.misc.Launcher$AppClassLoader.loadClass(Launcher.java:331)
	at java.lang.ClassLoader.loadClass(ClassLoader.java:357)
	at java.lang.ClassLoader.defineClass1(Native Method)
	at java.lang.ClassLoader.defineClass(ClassLoader.java:763)
	at java.security.SecureClassLoader.defineClass(SecureClassLoader.java:142)
	at java.net.URLClassLoader.defineClass(URLClassLoader.java:467)
	at java.net.URLClassLoader.access$100(URLClassLoader.java:73)
	at java.net.URLClassLoader$1.run(URLClassLoader.java:368)
	at java.net.URLClassLoader$1.run(URLClassLoader.java:362)
	at java.security.AccessController.doPrivileged(Native Method)
	at java.net.URLClassLoader.findClass(URLClassLoader.java:361)
	at java.lang.ClassLoader.loadClass(ClassLoader.java:424)
	at sun.misc.Launcher$AppClassLoader.loadClass(Launcher.java:331)
	at java.lang.ClassLoader.loadClass(ClassLoader.java:357)
	at java.lang.Class.getDeclaredFields0(Native Method)
	at java.lang.Class.privateGetDeclaredFields(Class.java:2583)
	at java.lang.Class.getDeclaredFields(Class.java:1916)
	at org.junit.runners.model.TestClass.getSortedDeclaredFields(TestClass.java:77)
	at org.junit.runners.model.TestClass.scanAnnotatedMembers(TestClass.java:70)
	at org.junit.runners.model.TestClass.&lt;init&gt;(TestClass.java:57)
	at org.junit.runners.ParentRunner.createTestClass(ParentRunner.java:88)
	at org.junit.runners.ParentRunner.&lt;init&gt;(ParentRunner.java:83)
	at org.junit.runners.BlockJUnit4ClassRunner.&lt;init&gt;(BlockJUnit4ClassRunner.java:65)
	at org.robolectric.internal.SandboxTestRunner.&lt;init&gt;(SandboxTestRunner.java:56)
	at org.robolectric.RobolectricTestRunner.&lt;init&gt;(RobolectricTestRunner.java:97)
	at sun.reflect.GeneratedConstructorAccessor114.newInstance(Unknown Source)
	at sun.reflect.DelegatingConstructorAccessorImpl.newInstance(DelegatingConstructorAccessorImpl.java:45)
	at java.lang.reflect.Constructor.newInstance(Constructor.java:423)
	at org.junit.internal.builders.AnnotatedBuilder.buildRunner(AnnotatedBuilder.java:104)
	at org.junit.internal.builders.AnnotatedBuilder.runnerForClass(AnnotatedBuilder.java:86)
	at org.junit.runners.model.RunnerBuilder.safeRunnerForClass(RunnerBuilder.java:59)
	at org.junit.internal.builders.AllDefaultPossibilitiesBuilder.runnerForClass(AllDefaultPossibilitiesBuilder.java:26)
	at org.junit.runners.model.RunnerBuilder.safeRunnerForClass(RunnerBuilder.java:59)
	at org.junit.internal.requests.ClassRequest.getRunner(ClassRequest.java:33)
	at org.gradle.api.internal.tasks.testing.junit.JUnitTestClassExecutor.runTestClass(JUnitTestClassExecutor.java:78)
	at org.gradle.api.internal.tasks.testing.junit.JUnitTestClassExecutor.execute(JUnitTestClassExecutor.java:58)
	at org.gradle.api.internal.tasks.testing.junit.JUnitTestClassExecutor.execute(JUnitTestClassExecutor.java:38)
	at org.gradle.api.internal.tasks.testing.junit.AbstractJUnitTestClassProcessor.processTestClass(AbstractJUnitTestClassProcessor.java:66)
	at org.gradle.api.internal.tasks.testing.SuiteTestClassProcessor.processTestClass(SuiteTestClassProcessor.java:51)
	at sun.reflect.GeneratedMethodAccessor138.invoke(Unknown Source)
	at sun.reflect.DelegatingMethodAccessorImpl.invoke(DelegatingMethodAccessorImpl.java:43)
	at java.lang.reflect.Method.invoke(Method.java:498)
	at org.gradle.internal.dispatch.ReflectionDispatch.dispatch(ReflectionDispatch.java:35)
	at org.gradle.internal.dispatch.ReflectionDispatch.dispatch(ReflectionDispatch.java:24)
	at org.gradle.internal.dispatch.ContextClassLoaderDispatch.dispatch(ContextClassLoaderDispatch.java:32)
	at org.gradle.internal.dispatch.ProxyDispatchAdapter$DispatchingInvocationHandler.invoke(ProxyDispatchAdapter.java:93)
	at com.sun.proxy.$Proxy2.processTestClass(Unknown Source)
	at org.gradle.api.internal.tasks.testing.worker.TestWorker.processTestClass(TestWorker.java:117)
	at sun.reflect.GeneratedMethodAccessor137.invoke(Unknown Source)
	at sun.reflect.DelegatingMethodAccessorImpl.invoke(DelegatingMethodAccessorImpl.java:43)
	at java.lang.reflect.Method.invoke(Method.java:498)
	at org.gradle.internal.dispatch.ReflectionDispatch.dispatch(ReflectionDispatch.java:35)
	at org.gradle.internal.dispatch.ReflectionDispatch.dispatch(ReflectionDispatch.java:24)
	at org.gradle.internal.remote.internal.hub.MessageHubBackedObjectConnection$DispatchWrapper.dispatch(MessageHubBackedObjectConnection.java:155)
	at org.gradle.internal.remote.internal.hub.MessageHubBackedObjectConnection$DispatchWrapper.dispatch(MessageHubBackedObjectConnection.java:137)
	at org.gradle.internal.remote.internal.hub.MessageHub$Handler.run(MessageHub.java:404)
	at org.gradle.internal.concurrent.ExecutorPolicy$CatchAndRecordFailures.onExecute(ExecutorPolicy.java:63)
	at org.gradle.internal.concurrent.ManagedExecutorImpl$1.run(ManagedExecutorImpl.java:46)
	at java.util.concurrent.ThreadPoolExecutor.runWorker(ThreadPoolExecutor.java:1142)
	at java.util.concurrent.ThreadPoolExecutor$Worker.run(ThreadPoolExecutor.java:617)
	at org.gradle.internal.concurrent.ThreadFactoryImpl$ManagedThreadRunnable.run(ThreadFactoryImpl.java:55)
	at java.lang.Thread.run(Thread.java:745)
Caused by: java.io.IOException: Error while instrumenting class org/smartregister/view/fragment/SecuredFragment.
	at org.jacoco.agent.rt.internal_8ff85ea.core.instr.Instrumenter.instrumentError(Instrumenter.java:166)
	at org.jacoco.agent.rt.internal_8ff85ea.core.instr.Instrumenter.instrument(Instrumenter.java:117)
	at org.jacoco.agent.rt.internal_8ff85ea.CoverageTransformer.transform(CoverageTransformer.java:91)
	... 110 more
Caused by: java.lang.IllegalStateException: Class org/smartregister/view/fragment/SecuredFragment is already instrumented.
	at org.jacoco.agent.rt.internal_8ff85ea.core.internal.instr.InstrSupport.assertNotInstrumented(InstrSupport.java:176)
	at org.jacoco.agent.rt.internal_8ff85ea.core.internal.instr.ClassInstrumenter.visitField(ClassInstrumenter.java:55)
	at org.jacoco.agent.rt.internal_8ff85ea.asm.ClassVisitor.visitField(ClassVisitor.java:272)
	at org.jacoco.agent.rt.internal_8ff85ea.asm.ClassReader.readField(ClassReader.java:783)
	at org.jacoco.agent.rt.internal_8ff85ea.asm.ClassReader.accept(ClassReader.java:704)
	at org.jacoco.agent.rt.internal_8ff85ea.asm.ClassReader.accept(ClassReader.java:521)
	at org.jacoco.agent.rt.internal_8ff85ea.core.instr.Instrumenter.instrument(Instrumenter.java:90)
	at org.jacoco.agent.rt.internal_8ff85ea.core.instr.Instrumenter.instrument(Instrumenter.java:114)
	... 111 more
java.lang.instrument.IllegalClassFormatException: Error while instrumenting class org/smartregister/configurableviews/model/Field.
	at org.jacoco.agent.rt.internal_8ff85ea.CoverageTransformer.transform(CoverageTransformer.java:93)
	at sun.instrument.TransformerManager.transform(TransformerManager.java:188)
	at sun.instrument.InstrumentationImpl.transform(InstrumentationImpl.java:428)
	at java.lang.ClassLoader.defineClass1(Native Method)
	at java.lang.ClassLoader.defineClass(ClassLoader.java:763)
	at java.security.SecureClassLoader.defineClass(SecureClassLoader.java:142)
	at java.net.URLClassLoader.defineClass(URLClassLoader.java:467)
	at java.net.URLClassLoader.access$100(URLClassLoader.java:73)
	at java.net.URLClassLoader$1.run(URLClassLoader.java:368)
	at java.net.URLClassLoader$1.run(URLClassLoader.java:362)
	at java.security.AccessController.doPrivileged(Native Method)
	at java.net.URLClassLoader.findClass(URLClassLoader.java:361)
	at java.lang.ClassLoader.loadClass(ClassLoader.java:424)
	at sun.misc.Launcher$AppClassLoader.loadClass(Launcher.java:331)
	at java.lang.ClassLoader.loadClass(ClassLoader.java:357)
	at java.lang.Class.getDeclaredFields0(Native Method)
	at java.lang.Class.privateGetDeclaredFields(Class.java:2583)
	at java.lang.Class.getDeclaredFields(Class.java:1916)
	at org.junit.runners.model.TestClass.getSortedDeclaredFields(TestClass.java:77)
	at org.junit.runners.model.TestClass.scanAnnotatedMembers(TestClass.java:70)
	at org.junit.runners.model.TestClass.&lt;init&gt;(TestClass.java:57)
	at org.junit.runners.ParentRunner.createTestClass(ParentRunner.java:88)
	at org.junit.runners.ParentRunner.&lt;init&gt;(ParentRunner.java:83)
	at org.junit.runners.BlockJUnit4ClassRunner.&lt;init&gt;(BlockJUnit4ClassRunner.java:65)
	at org.robolectric.internal.SandboxTestRunner.&lt;init&gt;(SandboxTestRunner.java:56)
	at org.robolectric.RobolectricTestRunner.&lt;init&gt;(RobolectricTestRunner.java:97)
	at sun.reflect.GeneratedConstructorAccessor114.newInstance(Unknown Source)
	at sun.reflect.DelegatingConstructorAccessorImpl.newInstance(DelegatingConstructorAccessorImpl.java:45)
	at java.lang.reflect.Constructor.newInstance(Constructor.java:423)
	at org.junit.internal.builders.AnnotatedBuilder.buildRunner(AnnotatedBuilder.java:104)
	at org.junit.internal.builders.AnnotatedBuilder.runnerForClass(AnnotatedBuilder.java:86)
	at org.junit.runners.model.RunnerBuilder.safeRunnerForClass(RunnerBuilder.java:59)
	at org.junit.internal.builders.AllDefaultPossibilitiesBuilder.runnerForClass(AllDefaultPossibilitiesBuilder.java:26)
	at org.junit.runners.model.RunnerBuilder.safeRunnerForClass(RunnerBuilder.java:59)
	at org.junit.internal.requests.ClassRequest.getRunner(ClassRequest.java:33)
	at org.gradle.api.internal.tasks.testing.junit.JUnitTestClassExecutor.runTestClass(JUnitTestClassExecutor.java:78)
	at org.gradle.api.internal.tasks.testing.junit.JUnitTestClassExecutor.execute(JUnitTestClassExecutor.java:58)
	at org.gradle.api.internal.tasks.testing.junit.JUnitTestClassExecutor.execute(JUnitTestClassExecutor.java:38)
	at org.gradle.api.internal.tasks.testing.junit.AbstractJUnitTestClassProcessor.processTestClass(AbstractJUnitTestClassProcessor.java:66)
	at org.gradle.api.internal.tasks.testing.SuiteTestClassProcessor.processTestClass(SuiteTestClassProcessor.java:51)
	at sun.reflect.GeneratedMethodAccessor138.invoke(Unknown Source)
	at sun.reflect.DelegatingMethodAccessorImpl.invoke(DelegatingMethodAccessorImpl.java:43)
	at java.lang.reflect.Method.invoke(Method.java:498)
	at org.gradle.internal.dispatch.ReflectionDispatch.dispatch(ReflectionDispatch.java:35)
	at org.gradle.internal.dispatch.ReflectionDispatch.dispatch(ReflectionDispatch.java:24)
	at org.gradle.internal.dispatch.ContextClassLoaderDispatch.dispatch(ContextClassLoaderDispatch.java:32)
	at org.gradle.internal.dispatch.ProxyDispatchAdapter$DispatchingInvocationHandler.invoke(ProxyDispatchAdapter.java:93)
	at com.sun.proxy.$Proxy2.processTestClass(Unknown Source)
	at org.gradle.api.internal.tasks.testing.worker.TestWorker.processTestClass(TestWorker.java:117)
	at sun.reflect.GeneratedMethodAccessor137.invoke(Unknown Source)
	at sun.reflect.DelegatingMethodAccessorImpl.invoke(DelegatingMethodAccessorImpl.java:43)
	at java.lang.reflect.Method.invoke(Method.java:498)
	at org.gradle.internal.dispatch.ReflectionDispatch.dispatch(ReflectionDispatch.java:35)
	at org.gradle.internal.dispatch.ReflectionDispatch.dispatch(ReflectionDispatch.java:24)
	at org.gradle.internal.remote.internal.hub.MessageHubBackedObjectConnection$DispatchWrapper.dispatch(MessageHubBackedObjectConnection.java:155)
	at org.gradle.internal.remote.internal.hub.MessageHubBackedObjectConnection$DispatchWrapper.dispatch(MessageHubBackedObjectConnection.java:137)
	at org.gradle.internal.remote.internal.hub.MessageHub$Handler.run(MessageHub.java:404)
	at org.gradle.internal.concurrent.ExecutorPolicy$CatchAndRecordFailures.onExecute(ExecutorPolicy.java:63)
	at org.gradle.internal.concurrent.ManagedExecutorImpl$1.run(ManagedExecutorImpl.java:46)
	at java.util.concurrent.ThreadPoolExecutor.runWorker(ThreadPoolExecutor.java:1142)
	at java.util.concurrent.ThreadPoolExecutor$Worker.run(ThreadPoolExecutor.java:617)
	at org.gradle.internal.concurrent.ThreadFactoryImpl$ManagedThreadRunnable.run(ThreadFactoryImpl.java:55)
	at java.lang.Thread.run(Thread.java:745)
Caused by: java.io.IOException: Error while instrumenting class org/smartregister/configurableviews/model/Field.
	at org.jacoco.agent.rt.internal_8ff85ea.core.instr.Instrumenter.instrumentError(Instrumenter.java:166)
	at org.jacoco.agent.rt.internal_8ff85ea.core.instr.Instrumenter.instrument(Instrumenter.java:117)
	at org.jacoco.agent.rt.internal_8ff85ea.CoverageTransformer.transform(CoverageTransformer.java:91)
	... 62 more
Caused by: java.lang.IllegalStateException: Class org/smartregister/configurableviews/model/Field is already instrumented.
	at org.jacoco.agent.rt.internal_8ff85ea.core.internal.instr.InstrSupport.assertNotInstrumented(InstrSupport.java:176)
	at org.jacoco.agent.rt.internal_8ff85ea.core.internal.instr.ClassInstrumenter.visitField(ClassInstrumenter.java:55)
	at org.jacoco.agent.rt.internal_8ff85ea.asm.ClassVisitor.visitField(ClassVisitor.java:272)
	at org.jacoco.agent.rt.internal_8ff85ea.asm.ClassReader.readField(ClassReader.java:783)
	at org.jacoco.agent.rt.internal_8ff85ea.asm.ClassReader.accept(ClassReader.java:704)
	at org.jacoco.agent.rt.internal_8ff85ea.asm.ClassReader.accept(ClassReader.java:521)
	at org.jacoco.agent.rt.internal_8ff85ea.core.instr.Instrumenter.instrument(Instrumenter.java:90)
	at org.jacoco.agent.rt.internal_8ff85ea.core.instr.Instrumenter.instrument(Instrumenter.java:114)
	... 63 more
java.lang.IllegalStateException:  Instance does not exist!!! Call org.smartregister.configurableviews.ConfigurableViewsLibrary.init method in the onCreate method of your Application class 
	at org.smartregister.configurableviews.ConfigurableViewsLibrary.getInstance(ConfigurableViewsLibrary.java:35)
	at org.smartregister.anc.library.model.RegisterModel.unregisterViewConfiguration(RegisterModel.java:30)
	at org.smartregister.anc.library.presenter.RegisterPresenter.unregisterViewConfiguration(RegisterPresenter.java:57)
	at org.smartregister.view.activity.BaseRegisterActivity.onStop(BaseRegisterActivity.java:277)
	at android.app.Instrumentation.callActivityOnStop(Instrumentation.java:1277)
	at android.app.Activity.performStop(Activity.java:6142)
	at org.robolectric.util.ReflectionHelpers$7.run(ReflectionHelpers.java:216)
	at org.robolectric.util.ReflectionHelpers.traverseClassHierarchy(ReflectionHelpers.java:362)
	at org.robolectric.util.ReflectionHelpers.callInstanceMethod(ReflectionHelpers.java:210)
	at org.robolectric.android.controller.ComponentController$1.run(ComponentController.java:53)
	at org.robolectric.shadows.ShadowLooper.runPaused(ShadowLooper.java:359)
	at org.robolectric.android.controller.ComponentController.invokeWhilePaused(ComponentController.java:50)
	at org.robolectric.android.controller.ActivityController.stop(ActivityController.java:157)
	at org.smartregister.anc.library.activity.BaseActivityUnitTest.destroyController(BaseActivityUnitTest.java:64)
	at org.smartregister.anc.library.activity.BaseHomeRegisterActivityTest.tearDown(BaseHomeRegisterActivityTest.java:83)
	at org.junit.runners.model.FrameworkMethod$1.runReflectiveCall(FrameworkMethod.java:50)
	at org.junit.internal.runners.model.ReflectiveCallable.run(ReflectiveCallable.java:12)
	at org.junit.runners.model.FrameworkMethod.invokeExplosively(FrameworkMethod.java:47)
	at org.junit.internal.runners.statements.RunAfters.evaluate(RunAfters.java:33)
	at org.robolectric.internal.SandboxTestRunner$2.evaluate(SandboxTestRunner.java:253)
	at org.robolectric.internal.SandboxTestRunner.runChild(SandboxTestRunner.java:130)
	at org.robolectric.internal.SandboxTestRunner.runChild(SandboxTestRunner.java:42)
	at org.junit.runners.ParentRunner$3.run(ParentRunner.java:290)
	at org.junit.runners.ParentRunner$1.schedule(ParentRunner.java:71)
	at org.junit.runners.ParentRunner.runChildren(ParentRunner.java:288)
	at org.junit.runners.ParentRunner.access$000(ParentRunner.java:58)
	at org.junit.runners.ParentRunner$2.evaluate(ParentRunner.java:268)
	at org.robolectric.internal.SandboxTestRunner$1.evaluate(SandboxTestRunner.java:84)
	at org.junit.runners.ParentRunner.run(ParentRunner.java:363)
	at org.gradle.api.internal.tasks.testing.junit.JUnitTestClassExecutor.runTestClass(JUnitTestClassExecutor.java:106)
	at org.gradle.api.internal.tasks.testing.junit.JUnitTestClassExecutor.execute(JUnitTestClassExecutor.java:58)
	at org.gradle.api.internal.tasks.testing.junit.JUnitTestClassExecutor.execute(JUnitTestClassExecutor.java:38)
	at org.gradle.api.internal.tasks.testing.junit.AbstractJUnitTestClassProcessor.processTestClass(AbstractJUnitTestClassProcessor.java:66)
	at org.gradle.api.internal.tasks.testing.SuiteTestClassProcessor.processTestClass(SuiteTestClassProcessor.java:51)
	at org.gradle.internal.dispatch.ReflectionDispatch.dispatch(ReflectionDispatch.java:35)
	at org.gradle.internal.dispatch.ReflectionDispatch.dispatch(ReflectionDispatch.java:24)
	at org.gradle.internal.dispatch.ContextClassLoaderDispatch.dispatch(ContextClassLoaderDispatch.java:32)
	at org.gradle.internal.dispatch.ProxyDispatchAdapter$DispatchingInvocationHandler.invoke(ProxyDispatchAdapter.java:93)
	at com.sun.proxy.$Proxy2.processTestClass(Unknown Source)
	at org.gradle.api.internal.tasks.testing.worker.TestWorker.processTestClass(TestWorker.java:117)
	at org.gradle.internal.dispatch.ReflectionDispatch.dispatch(ReflectionDispatch.java:35)
	at org.gradle.internal.dispatch.ReflectionDispatch.dispatch(ReflectionDispatch.java:24)
	at org.gradle.internal.remote.internal.hub.MessageHubBackedObjectConnection$DispatchWrapper.dispatch(MessageHubBackedObjectConnection.java:155)
	at org.gradle.internal.remote.internal.hub.MessageHubBackedObjectConnection$DispatchWrapper.dispatch(MessageHubBackedObjectConnection.java:137)
	at org.gradle.internal.remote.internal.hub.MessageHub$Handler.run(MessageHub.java:404)
	at org.gradle.internal.concurrent.ExecutorPolicy$CatchAndRecordFailures.onExecute(ExecutorPolicy.java:63)
	at org.gradle.internal.concurrent.ManagedExecutorImpl$1.run(ManagedExecutorImpl.java:46)
	at java.util.concurrent.ThreadPoolExecutor.runWorker(ThreadPoolExecutor.java:1142)
	at java.util.concurrent.ThreadPoolExecutor$Worker.run(ThreadPoolExecutor.java:617)
	at org.gradle.internal.concurrent.ThreadFactoryImpl$ManagedThreadRunnable.run(ThreadFactoryImpl.java:55)
	at java.lang.Thread.run(Thread.java:745)
java.lang.IllegalStateException:  Instance does not exist!!! Call org.smartregister.configurableviews.ConfigurableViewsLibrary.init method in the onCreate method of your Application class 
	at org.smartregister.configurableviews.ConfigurableViewsLibrary.getInstance(ConfigurableViewsLibrary.java:35)
	at org.smartregister.anc.library.model.RegisterModel.unregisterViewConfiguration(RegisterModel.java:30)
	at org.smartregister.anc.library.presenter.RegisterPresenter.unregisterViewConfiguration(RegisterPresenter.java:57)
	at org.smartregister.view.activity.BaseRegisterActivity.onStop(BaseRegisterActivity.java:277)
	at android.app.Instrumentation.callActivityOnStop(Instrumentation.java:1277)
	at android.app.Activity.performStop(Activity.java:6142)
	at org.robolectric.util.ReflectionHelpers$7.run(ReflectionHelpers.java:216)
	at org.robolectric.util.ReflectionHelpers.traverseClassHierarchy(ReflectionHelpers.java:362)
	at org.robolectric.util.ReflectionHelpers.callInstanceMethod(ReflectionHelpers.java:210)
	at org.robolectric.android.controller.ComponentController$1.run(ComponentController.java:53)
	at org.robolectric.shadows.ShadowLooper.runPaused(ShadowLooper.java:359)
	at org.robolectric.android.controller.ComponentController.invokeWhilePaused(ComponentController.java:50)
	at org.robolectric.android.controller.ActivityController.stop(ActivityController.java:157)
	at org.smartregister.anc.library.activity.BaseActivityUnitTest.destroyController(BaseActivityUnitTest.java:64)
	at org.smartregister.anc.library.activity.BaseHomeRegisterActivityTest.tearDown(BaseHomeRegisterActivityTest.java:83)
	at org.junit.runners.model.FrameworkMethod$1.runReflectiveCall(FrameworkMethod.java:50)
	at org.junit.internal.runners.model.ReflectiveCallable.run(ReflectiveCallable.java:12)
	at org.junit.runners.model.FrameworkMethod.invokeExplosively(FrameworkMethod.java:47)
	at org.junit.internal.runners.statements.RunAfters.evaluate(RunAfters.java:33)
	at org.robolectric.internal.SandboxTestRunner$2.evaluate(SandboxTestRunner.java:253)
	at org.robolectric.internal.SandboxTestRunner.runChild(SandboxTestRunner.java:130)
	at org.robolectric.internal.SandboxTestRunner.runChild(SandboxTestRunner.java:42)
	at org.junit.runners.ParentRunner$3.run(ParentRunner.java:290)
	at org.junit.runners.ParentRunner$1.schedule(ParentRunner.java:71)
	at org.junit.runners.ParentRunner.runChildren(ParentRunner.java:288)
	at org.junit.runners.ParentRunner.access$000(ParentRunner.java:58)
	at org.junit.runners.ParentRunner$2.evaluate(ParentRunner.java:268)
	at org.robolectric.internal.SandboxTestRunner$1.evaluate(SandboxTestRunner.java:84)
	at org.junit.runners.ParentRunner.run(ParentRunner.java:363)
	at org.gradle.api.internal.tasks.testing.junit.JUnitTestClassExecutor.runTestClass(JUnitTestClassExecutor.java:106)
	at org.gradle.api.internal.tasks.testing.junit.JUnitTestClassExecutor.execute(JUnitTestClassExecutor.java:58)
	at org.gradle.api.internal.tasks.testing.junit.JUnitTestClassExecutor.execute(JUnitTestClassExecutor.java:38)
	at org.gradle.api.internal.tasks.testing.junit.AbstractJUnitTestClassProcessor.processTestClass(AbstractJUnitTestClassProcessor.java:66)
	at org.gradle.api.internal.tasks.testing.SuiteTestClassProcessor.processTestClass(SuiteTestClassProcessor.java:51)
	at org.gradle.internal.dispatch.ReflectionDispatch.dispatch(ReflectionDispatch.java:35)
	at org.gradle.internal.dispatch.ReflectionDispatch.dispatch(ReflectionDispatch.java:24)
	at org.gradle.internal.dispatch.ContextClassLoaderDispatch.dispatch(ContextClassLoaderDispatch.java:32)
	at org.gradle.internal.dispatch.ProxyDispatchAdapter$DispatchingInvocationHandler.invoke(ProxyDispatchAdapter.java:93)
	at com.sun.proxy.$Proxy2.processTestClass(Unknown Source)
	at org.gradle.api.internal.tasks.testing.worker.TestWorker.processTestClass(TestWorker.java:117)
	at org.gradle.internal.dispatch.ReflectionDispatch.dispatch(ReflectionDispatch.java:35)
	at org.gradle.internal.dispatch.ReflectionDispatch.dispatch(ReflectionDispatch.java:24)
	at org.gradle.internal.remote.internal.hub.MessageHubBackedObjectConnection$DispatchWrapper.dispatch(MessageHubBackedObjectConnection.java:155)
	at org.gradle.internal.remote.internal.hub.MessageHubBackedObjectConnection$DispatchWrapper.dispatch(MessageHubBackedObjectConnection.java:137)
	at org.gradle.internal.remote.internal.hub.MessageHub$Handler.run(MessageHub.java:404)
	at org.gradle.internal.concurrent.ExecutorPolicy$CatchAndRecordFailures.onExecute(ExecutorPolicy.java:63)
	at org.gradle.internal.concurrent.ManagedExecutorImpl$1.run(ManagedExecutorImpl.java:46)
	at java.util.concurrent.ThreadPoolExecutor.runWorker(ThreadPoolExecutor.java:1142)
	at java.util.concurrent.ThreadPoolExecutor$Worker.run(ThreadPoolExecutor.java:617)
	at org.gradle.internal.concurrent.ThreadFactoryImpl$ManagedThreadRunnable.run(ThreadFactoryImpl.java:55)
	at java.lang.Thread.run(Thread.java:745)
java.lang.IllegalStateException:  Instance does not exist!!! Call org.smartregister.configurableviews.ConfigurableViewsLibrary.init method in the onCreate method of your Application class 
	at org.smartregister.configurableviews.ConfigurableViewsLibrary.getInstance(ConfigurableViewsLibrary.java:35)
	at org.smartregister.anc.library.model.RegisterModel.unregisterViewConfiguration(RegisterModel.java:30)
	at org.smartregister.anc.library.presenter.RegisterPresenter.unregisterViewConfiguration(RegisterPresenter.java:57)
	at org.smartregister.view.activity.BaseRegisterActivity.onStop(BaseRegisterActivity.java:277)
	at android.app.Instrumentation.callActivityOnStop(Instrumentation.java:1277)
	at android.app.Activity.performStop(Activity.java:6142)
	at org.robolectric.util.ReflectionHelpers$7.run(ReflectionHelpers.java:216)
	at org.robolectric.util.ReflectionHelpers.traverseClassHierarchy(ReflectionHelpers.java:362)
	at org.robolectric.util.ReflectionHelpers.callInstanceMethod(ReflectionHelpers.java:210)
	at org.robolectric.android.controller.ComponentController$1.run(ComponentController.java:53)
	at org.robolectric.shadows.ShadowLooper.runPaused(ShadowLooper.java:359)
	at org.robolectric.android.controller.ComponentController.invokeWhilePaused(ComponentController.java:50)
	at org.robolectric.android.controller.ActivityController.stop(ActivityController.java:157)
	at org.smartregister.anc.library.activity.BaseActivityUnitTest.destroyController(BaseActivityUnitTest.java:64)
	at org.smartregister.anc.library.activity.BaseHomeRegisterActivityTest.tearDown(BaseHomeRegisterActivityTest.java:83)
	at org.junit.runners.model.FrameworkMethod$1.runReflectiveCall(FrameworkMethod.java:50)
	at org.junit.internal.runners.model.ReflectiveCallable.run(ReflectiveCallable.java:12)
	at org.junit.runners.model.FrameworkMethod.invokeExplosively(FrameworkMethod.java:47)
	at org.junit.internal.runners.statements.RunAfters.evaluate(RunAfters.java:33)
	at org.robolectric.internal.SandboxTestRunner$2.evaluate(SandboxTestRunner.java:253)
	at org.robolectric.internal.SandboxTestRunner.runChild(SandboxTestRunner.java:130)
	at org.robolectric.internal.SandboxTestRunner.runChild(SandboxTestRunner.java:42)
	at org.junit.runners.ParentRunner$3.run(ParentRunner.java:290)
	at org.junit.runners.ParentRunner$1.schedule(ParentRunner.java:71)
	at org.junit.runners.ParentRunner.runChildren(ParentRunner.java:288)
	at org.junit.runners.ParentRunner.access$000(ParentRunner.java:58)
	at org.junit.runners.ParentRunner$2.evaluate(ParentRunner.java:268)
	at org.robolectric.internal.SandboxTestRunner$1.evaluate(SandboxTestRunner.java:84)
	at org.junit.runners.ParentRunner.run(ParentRunner.java:363)
	at org.gradle.api.internal.tasks.testing.junit.JUnitTestClassExecutor.runTestClass(JUnitTestClassExecutor.java:106)
	at org.gradle.api.internal.tasks.testing.junit.JUnitTestClassExecutor.execute(JUnitTestClassExecutor.java:58)
	at org.gradle.api.internal.tasks.testing.junit.JUnitTestClassExecutor.execute(JUnitTestClassExecutor.java:38)
	at org.gradle.api.internal.tasks.testing.junit.AbstractJUnitTestClassProcessor.processTestClass(AbstractJUnitTestClassProcessor.java:66)
	at org.gradle.api.internal.tasks.testing.SuiteTestClassProcessor.processTestClass(SuiteTestClassProcessor.java:51)
	at org.gradle.internal.dispatch.ReflectionDispatch.dispatch(ReflectionDispatch.java:35)
	at org.gradle.internal.dispatch.ReflectionDispatch.dispatch(ReflectionDispatch.java:24)
	at org.gradle.internal.dispatch.ContextClassLoaderDispatch.dispatch(ContextClassLoaderDispatch.java:32)
	at org.gradle.internal.dispatch.ProxyDispatchAdapter$DispatchingInvocationHandler.invoke(ProxyDispatchAdapter.java:93)
	at com.sun.proxy.$Proxy2.processTestClass(Unknown Source)
	at org.gradle.api.internal.tasks.testing.worker.TestWorker.processTestClass(TestWorker.java:117)
	at org.gradle.internal.dispatch.ReflectionDispatch.dispatch(ReflectionDispatch.java:35)
	at org.gradle.internal.dispatch.ReflectionDispatch.dispatch(ReflectionDispatch.java:24)
	at org.gradle.internal.remote.internal.hub.MessageHubBackedObjectConnection$DispatchWrapper.dispatch(MessageHubBackedObjectConnection.java:155)
	at org.gradle.internal.remote.internal.hub.MessageHubBackedObjectConnection$DispatchWrapper.dispatch(MessageHubBackedObjectConnection.java:137)
	at org.gradle.internal.remote.internal.hub.MessageHub$Handler.run(MessageHub.java:404)
	at org.gradle.internal.concurrent.ExecutorPolicy$CatchAndRecordFailures.onExecute(ExecutorPolicy.java:63)
	at org.gradle.internal.concurrent.ManagedExecutorImpl$1.run(ManagedExecutorImpl.java:46)
	at java.util.concurrent.ThreadPoolExecutor.runWorker(ThreadPoolExecutor.java:1142)
	at java.util.concurrent.ThreadPoolExecutor$Worker.run(ThreadPoolExecutor.java:617)
	at org.gradle.internal.concurrent.ThreadFactoryImpl$ManagedThreadRunnable.run(ThreadFactoryImpl.java:55)
	at java.lang.Thread.run(Thread.java:745)
java.lang.IllegalStateException:  Instance does not exist!!! Call org.smartregister.configurableviews.ConfigurableViewsLibrary.init method in the onCreate method of your Application class 
	at org.smartregister.configurableviews.ConfigurableViewsLibrary.getInstance(ConfigurableViewsLibrary.java:35)
	at org.smartregister.anc.library.model.RegisterModel.unregisterViewConfiguration(RegisterModel.java:30)
	at org.smartregister.anc.library.presenter.RegisterPresenter.unregisterViewConfiguration(RegisterPresenter.java:57)
	at org.smartregister.view.activity.BaseRegisterActivity.onStop(BaseRegisterActivity.java:277)
	at android.app.Instrumentation.callActivityOnStop(Instrumentation.java:1277)
	at android.app.Activity.performStop(Activity.java:6142)
	at org.robolectric.util.ReflectionHelpers$7.run(ReflectionHelpers.java:216)
	at org.robolectric.util.ReflectionHelpers.traverseClassHierarchy(ReflectionHelpers.java:362)
	at org.robolectric.util.ReflectionHelpers.callInstanceMethod(ReflectionHelpers.java:210)
	at org.robolectric.android.controller.ComponentController$1.run(ComponentController.java:53)
	at org.robolectric.shadows.ShadowLooper.runPaused(ShadowLooper.java:359)
	at org.robolectric.android.controller.ComponentController.invokeWhilePaused(ComponentController.java:50)
	at org.robolectric.android.controller.ActivityController.stop(ActivityController.java:157)
	at org.smartregister.anc.library.activity.BaseActivityUnitTest.destroyController(BaseActivityUnitTest.java:64)
	at org.smartregister.anc.library.activity.BaseHomeRegisterActivityTest.tearDown(BaseHomeRegisterActivityTest.java:83)
	at org.junit.runners.model.FrameworkMethod$1.runReflectiveCall(FrameworkMethod.java:50)
	at org.junit.internal.runners.model.ReflectiveCallable.run(ReflectiveCallable.java:12)
	at org.junit.runners.model.FrameworkMethod.invokeExplosively(FrameworkMethod.java:47)
	at org.junit.internal.runners.statements.RunAfters.evaluate(RunAfters.java:33)
	at org.robolectric.internal.SandboxTestRunner$2.evaluate(SandboxTestRunner.java:253)
	at org.robolectric.internal.SandboxTestRunner.runChild(SandboxTestRunner.java:130)
	at org.robolectric.internal.SandboxTestRunner.runChild(SandboxTestRunner.java:42)
	at org.junit.runners.ParentRunner$3.run(ParentRunner.java:290)
	at org.junit.runners.ParentRunner$1.schedule(ParentRunner.java:71)
	at org.junit.runners.ParentRunner.runChildren(ParentRunner.java:288)
	at org.junit.runners.ParentRunner.access$000(ParentRunner.java:58)
	at org.junit.runners.ParentRunner$2.evaluate(ParentRunner.java:268)
	at org.robolectric.internal.SandboxTestRunner$1.evaluate(SandboxTestRunner.java:84)
	at org.junit.runners.ParentRunner.run(ParentRunner.java:363)
	at org.gradle.api.internal.tasks.testing.junit.JUnitTestClassExecutor.runTestClass(JUnitTestClassExecutor.java:106)
	at org.gradle.api.internal.tasks.testing.junit.JUnitTestClassExecutor.execute(JUnitTestClassExecutor.java:58)
	at org.gradle.api.internal.tasks.testing.junit.JUnitTestClassExecutor.execute(JUnitTestClassExecutor.java:38)
	at org.gradle.api.internal.tasks.testing.junit.AbstractJUnitTestClassProcessor.processTestClass(AbstractJUnitTestClassProcessor.java:66)
	at org.gradle.api.internal.tasks.testing.SuiteTestClassProcessor.processTestClass(SuiteTestClassProcessor.java:51)
	at org.gradle.internal.dispatch.ReflectionDispatch.dispatch(ReflectionDispatch.java:35)
	at org.gradle.internal.dispatch.ReflectionDispatch.dispatch(ReflectionDispatch.java:24)
	at org.gradle.internal.dispatch.ContextClassLoaderDispatch.dispatch(ContextClassLoaderDispatch.java:32)
	at org.gradle.internal.dispatch.ProxyDispatchAdapter$DispatchingInvocationHandler.invoke(ProxyDispatchAdapter.java:93)
	at com.sun.proxy.$Proxy2.processTestClass(Unknown Source)
	at org.gradle.api.internal.tasks.testing.worker.TestWorker.processTestClass(TestWorker.java:117)
	at org.gradle.internal.dispatch.ReflectionDispatch.dispatch(ReflectionDispatch.java:35)
	at org.gradle.internal.dispatch.ReflectionDispatch.dispatch(ReflectionDispatch.java:24)
	at org.gradle.internal.remote.internal.hub.MessageHubBackedObjectConnection$DispatchWrapper.dispatch(MessageHubBackedObjectConnection.java:155)
	at org.gradle.internal.remote.internal.hub.MessageHubBackedObjectConnection$DispatchWrapper.dispatch(MessageHubBackedObjectConnection.java:137)
	at org.gradle.internal.remote.internal.hub.MessageHub$Handler.run(MessageHub.java:404)
	at org.gradle.internal.concurrent.ExecutorPolicy$CatchAndRecordFailures.onExecute(ExecutorPolicy.java:63)
	at org.gradle.internal.concurrent.ManagedExecutorImpl$1.run(ManagedExecutorImpl.java:46)
	at java.util.concurrent.ThreadPoolExecutor.runWorker(ThreadPoolExecutor.java:1142)
	at java.util.concurrent.ThreadPoolExecutor$Worker.run(ThreadPoolExecutor.java:617)
	at org.gradle.internal.concurrent.ThreadFactoryImpl$ManagedThreadRunnable.run(ThreadFactoryImpl.java:55)
	at java.lang.Thread.run(Thread.java:745)
java.lang.IllegalStateException:  Instance does not exist!!! Call org.smartregister.configurableviews.ConfigurableViewsLibrary.init method in the onCreate method of your Application class 
	at org.smartregister.configurableviews.ConfigurableViewsLibrary.getInstance(ConfigurableViewsLibrary.java:35)
	at org.smartregister.anc.library.model.RegisterModel.unregisterViewConfiguration(RegisterModel.java:30)
	at org.smartregister.anc.library.presenter.RegisterPresenter.unregisterViewConfiguration(RegisterPresenter.java:57)
	at org.smartregister.view.activity.BaseRegisterActivity.onStop(BaseRegisterActivity.java:277)
	at android.app.Instrumentation.callActivityOnStop(Instrumentation.java:1277)
	at android.app.Activity.performStop(Activity.java:6142)
	at org.robolectric.util.ReflectionHelpers$7.run(ReflectionHelpers.java:216)
	at org.robolectric.util.ReflectionHelpers.traverseClassHierarchy(ReflectionHelpers.java:362)
	at org.robolectric.util.ReflectionHelpers.callInstanceMethod(ReflectionHelpers.java:210)
	at org.robolectric.android.controller.ComponentController$1.run(ComponentController.java:53)
	at org.robolectric.shadows.ShadowLooper.runPaused(ShadowLooper.java:359)
	at org.robolectric.android.controller.ComponentController.invokeWhilePaused(ComponentController.java:50)
	at org.robolectric.android.controller.ActivityController.stop(ActivityController.java:157)
	at org.smartregister.anc.library.activity.BaseActivityUnitTest.destroyController(BaseActivityUnitTest.java:64)
	at org.smartregister.anc.library.activity.BaseHomeRegisterActivityTest.tearDown(BaseHomeRegisterActivityTest.java:83)
	at org.junit.runners.model.FrameworkMethod$1.runReflectiveCall(FrameworkMethod.java:50)
	at org.junit.internal.runners.model.ReflectiveCallable.run(ReflectiveCallable.java:12)
	at org.junit.runners.model.FrameworkMethod.invokeExplosively(FrameworkMethod.java:47)
	at org.junit.internal.runners.statements.RunAfters.evaluate(RunAfters.java:33)
	at org.robolectric.internal.SandboxTestRunner$2.evaluate(SandboxTestRunner.java:253)
	at org.robolectric.internal.SandboxTestRunner.runChild(SandboxTestRunner.java:130)
	at org.robolectric.internal.SandboxTestRunner.runChild(SandboxTestRunner.java:42)
	at org.junit.runners.ParentRunner$3.run(ParentRunner.java:290)
	at org.junit.runners.ParentRunner$1.schedule(ParentRunner.java:71)
	at org.junit.runners.ParentRunner.runChildren(ParentRunner.java:288)
	at org.junit.runners.ParentRunner.access$000(ParentRunner.java:58)
	at org.junit.runners.ParentRunner$2.evaluate(ParentRunner.java:268)
	at org.robolectric.internal.SandboxTestRunner$1.evaluate(SandboxTestRunner.java:84)
	at org.junit.runners.ParentRunner.run(ParentRunner.java:363)
	at org.gradle.api.internal.tasks.testing.junit.JUnitTestClassExecutor.runTestClass(JUnitTestClassExecutor.java:106)
	at org.gradle.api.internal.tasks.testing.junit.JUnitTestClassExecutor.execute(JUnitTestClassExecutor.java:58)
	at org.gradle.api.internal.tasks.testing.junit.JUnitTestClassExecutor.execute(JUnitTestClassExecutor.java:38)
	at org.gradle.api.internal.tasks.testing.junit.AbstractJUnitTestClassProcessor.processTestClass(AbstractJUnitTestClassProcessor.java:66)
	at org.gradle.api.internal.tasks.testing.SuiteTestClassProcessor.processTestClass(SuiteTestClassProcessor.java:51)
	at org.gradle.internal.dispatch.ReflectionDispatch.dispatch(ReflectionDispatch.java:35)
	at org.gradle.internal.dispatch.ReflectionDispatch.dispatch(ReflectionDispatch.java:24)
	at org.gradle.internal.dispatch.ContextClassLoaderDispatch.dispatch(ContextClassLoaderDispatch.java:32)
	at org.gradle.internal.dispatch.ProxyDispatchAdapter$DispatchingInvocationHandler.invoke(ProxyDispatchAdapter.java:93)
	at com.sun.proxy.$Proxy2.processTestClass(Unknown Source)
	at org.gradle.api.internal.tasks.testing.worker.TestWorker.processTestClass(TestWorker.java:117)
	at org.gradle.internal.dispatch.ReflectionDispatch.dispatch(ReflectionDispatch.java:35)
	at org.gradle.internal.dispatch.ReflectionDispatch.dispatch(ReflectionDispatch.java:24)
	at org.gradle.internal.remote.internal.hub.MessageHubBackedObjectConnection$DispatchWrapper.dispatch(MessageHubBackedObjectConnection.java:155)
	at org.gradle.internal.remote.internal.hub.MessageHubBackedObjectConnection$DispatchWrapper.dispatch(MessageHubBackedObjectConnection.java:137)
	at org.gradle.internal.remote.internal.hub.MessageHub$Handler.run(MessageHub.java:404)
	at org.gradle.internal.concurrent.ExecutorPolicy$CatchAndRecordFailures.onExecute(ExecutorPolicy.java:63)
	at org.gradle.internal.concurrent.ManagedExecutorImpl$1.run(ManagedExecutorImpl.java:46)
	at java.util.concurrent.ThreadPoolExecutor.runWorker(ThreadPoolExecutor.java:1142)
	at java.util.concurrent.ThreadPoolExecutor$Worker.run(ThreadPoolExecutor.java:617)
	at org.gradle.internal.concurrent.ThreadFactoryImpl$ManagedThreadRunnable.run(ThreadFactoryImpl.java:55)
	at java.lang.Thread.run(Thread.java:745)
java.lang.instrument.IllegalClassFormatException: Error while instrumenting class org/smartregister/util/DateUtil.
	at org.jacoco.agent.rt.internal_8ff85ea.CoverageTransformer.transform(CoverageTransformer.java:93)
	at sun.instrument.TransformerManager.transform(TransformerManager.java:188)
	at sun.instrument.InstrumentationImpl.transform(InstrumentationImpl.java:428)
	at java.lang.ClassLoader.defineClass1(Native Method)
	at java.lang.ClassLoader.defineClass(ClassLoader.java:763)
	at java.lang.ClassLoader.defineClass(ClassLoader.java:642)
	at org.robolectric.internal.bytecode.SandboxClassLoader.maybeInstrumentClass(SandboxClassLoader.java:130)
	at org.robolectric.internal.bytecode.SandboxClassLoader.lambda$findClass$0(SandboxClassLoader.java:107)
	at org.robolectric.util.PerfStatsCollector.measure(PerfStatsCollector.java:50)
	at org.robolectric.internal.bytecode.SandboxClassLoader.findClass(SandboxClassLoader.java:106)
	at java.lang.ClassLoader.loadClass(ClassLoader.java:424)
	at java.lang.ClassLoader.loadClass(ClassLoader.java:357)
	at org.smartregister.util.Utils.getDuration(Utils.java:609)
	at org.smartregister.anc.library.activity.BaseHomeRegisterActivity.showRecordBirthPopUp(BaseHomeRegisterActivity.java:349)
	at org.smartregister.anc.library.activity.BaseHomeRegisterActivity$MockitoMock$1266585105.showRecordBirthPopUp$accessor$Idbhx0Df(Unknown Source)
	at org.smartregister.anc.library.activity.BaseHomeRegisterActivity$MockitoMock$1266585105$auxiliary$LGxYuxyP.call(Unknown Source)
	at org.mockito.internal.creation.bytebuddy.InterceptedInvocation$SuperMethod$FromCallable.invoke(InterceptedInvocation.java:195)
	at org.mockito.internal.creation.bytebuddy.InterceptedInvocation.callRealMethod(InterceptedInvocation.java:131)
	at org.mockito.internal.stubbing.answers.CallsRealMethods.answer(CallsRealMethods.java:43)
	at org.mockito.Answers.answer(Answers.java:100)
	at org.mockito.internal.handler.MockHandlerImpl.handle(MockHandlerImpl.java:97)
	at org.mockito.internal.handler.NullResultGuardian.handle(NullResultGuardian.java:32)
	at org.mockito.internal.handler.InvocationNotifierHandler.handle(InvocationNotifierHandler.java:36)
	at org.mockito.internal.creation.bytebuddy.MockMethodInterceptor.doIntercept(MockMethodInterceptor.java:57)
	at org.mockito.internal.creation.bytebuddy.MockMethodInterceptor.doIntercept(MockMethodInterceptor.java:43)
	at org.mockito.internal.creation.bytebuddy.MockMethodInterceptor$DispatcherDefaultingToRealMethod.interceptSuperCallable(MockMethodInterceptor.java:119)
	at org.smartregister.anc.library.activity.BaseHomeRegisterActivity$MockitoMock$1266585105.showRecordBirthPopUp(Unknown Source)
	at org.smartregister.anc.library.activity.BaseHomeRegisterActivityTest.testShowRecordBirthPopUpInvokesMethodsOnRecordBirthAlertDialogsCorrectly(BaseHomeRegisterActivityTest.java:188)
	at sun.reflect.NativeMethodAccessorImpl.invoke0(Native Method)
	at sun.reflect.NativeMethodAccessorImpl.invoke(NativeMethodAccessorImpl.java:62)
	at sun.reflect.DelegatingMethodAccessorImpl.invoke(DelegatingMethodAccessorImpl.java:43)
	at java.lang.reflect.Method.invoke(Method.java:498)
	at org.junit.runners.model.FrameworkMethod$1.runReflectiveCall(FrameworkMethod.java:50)
	at org.junit.internal.runners.model.ReflectiveCallable.run(ReflectiveCallable.java:12)
	at org.junit.runners.model.FrameworkMethod.invokeExplosively(FrameworkMethod.java:47)
	at org.junit.internal.runners.statements.InvokeMethod.evaluate(InvokeMethod.java:17)
	at org.robolectric.RobolectricTestRunner$HelperTestRunner$1.evaluate(RobolectricTestRunner.java:570)
	at org.junit.internal.runners.statements.RunBefores.evaluate(RunBefores.java:26)
	at org.junit.internal.runners.statements.RunAfters.evaluate(RunAfters.java:27)
	at org.robolectric.internal.SandboxTestRunner$2.evaluate(SandboxTestRunner.java:253)
	at org.robolectric.internal.SandboxTestRunner.runChild(SandboxTestRunner.java:130)
	at org.robolectric.internal.SandboxTestRunner.runChild(SandboxTestRunner.java:42)
	at org.junit.runners.ParentRunner$3.run(ParentRunner.java:290)
	at org.junit.runners.ParentRunner$1.schedule(ParentRunner.java:71)
	at org.junit.runners.ParentRunner.runChildren(ParentRunner.java:288)
	at org.junit.runners.ParentRunner.access$000(ParentRunner.java:58)
	at org.junit.runners.ParentRunner$2.evaluate(ParentRunner.java:268)
	at org.robolectric.internal.SandboxTestRunner$1.evaluate(SandboxTestRunner.java:84)
	at org.junit.runners.ParentRunner.run(ParentRunner.java:363)
	at org.gradle.api.internal.tasks.testing.junit.JUnitTestClassExecutor.runTestClass(JUnitTestClassExecutor.java:106)
	at org.gradle.api.internal.tasks.testing.junit.JUnitTestClassExecutor.execute(JUnitTestClassExecutor.java:58)
	at org.gradle.api.internal.tasks.testing.junit.JUnitTestClassExecutor.execute(JUnitTestClassExecutor.java:38)
	at org.gradle.api.internal.tasks.testing.junit.AbstractJUnitTestClassProcessor.processTestClass(AbstractJUnitTestClassProcessor.java:66)
	at org.gradle.api.internal.tasks.testing.SuiteTestClassProcessor.processTestClass(SuiteTestClassProcessor.java:51)
	at sun.reflect.GeneratedMethodAccessor138.invoke(Unknown Source)
	at sun.reflect.DelegatingMethodAccessorImpl.invoke(DelegatingMethodAccessorImpl.java:43)
	at java.lang.reflect.Method.invoke(Method.java:498)
	at org.gradle.internal.dispatch.ReflectionDispatch.dispatch(ReflectionDispatch.java:35)
	at org.gradle.internal.dispatch.ReflectionDispatch.dispatch(ReflectionDispatch.java:24)
	at org.gradle.internal.dispatch.ContextClassLoaderDispatch.dispatch(ContextClassLoaderDispatch.java:32)
	at org.gradle.internal.dispatch.ProxyDispatchAdapter$DispatchingInvocationHandler.invoke(ProxyDispatchAdapter.java:93)
	at com.sun.proxy.$Proxy2.processTestClass(Unknown Source)
	at org.gradle.api.internal.tasks.testing.worker.TestWorker.processTestClass(TestWorker.java:117)
	at sun.reflect.GeneratedMethodAccessor137.invoke(Unknown Source)
	at sun.reflect.DelegatingMethodAccessorImpl.invoke(DelegatingMethodAccessorImpl.java:43)
	at java.lang.reflect.Method.invoke(Method.java:498)
	at org.gradle.internal.dispatch.ReflectionDispatch.dispatch(ReflectionDispatch.java:35)
	at org.gradle.internal.dispatch.ReflectionDispatch.dispatch(ReflectionDispatch.java:24)
	at org.gradle.internal.remote.internal.hub.MessageHubBackedObjectConnection$DispatchWrapper.dispatch(MessageHubBackedObjectConnection.java:155)
	at org.gradle.internal.remote.internal.hub.MessageHubBackedObjectConnection$DispatchWrapper.dispatch(MessageHubBackedObjectConnection.java:137)
	at org.gradle.internal.remote.internal.hub.MessageHub$Handler.run(MessageHub.java:404)
	at org.gradle.internal.concurrent.ExecutorPolicy$CatchAndRecordFailures.onExecute(ExecutorPolicy.java:63)
	at org.gradle.internal.concurrent.ManagedExecutorImpl$1.run(ManagedExecutorImpl.java:46)
	at java.util.concurrent.ThreadPoolExecutor.runWorker(ThreadPoolExecutor.java:1142)
	at java.util.concurrent.ThreadPoolExecutor$Worker.run(ThreadPoolExecutor.java:617)
	at org.gradle.internal.concurrent.ThreadFactoryImpl$ManagedThreadRunnable.run(ThreadFactoryImpl.java:55)
	at java.lang.Thread.run(Thread.java:745)
Caused by: java.io.IOException: Error while instrumenting class org/smartregister/util/DateUtil.
	at org.jacoco.agent.rt.internal_8ff85ea.core.instr.Instrumenter.instrumentError(Instrumenter.java:166)
	at org.jacoco.agent.rt.internal_8ff85ea.core.instr.Instrumenter.instrument(Instrumenter.java:117)
	at org.jacoco.agent.rt.internal_8ff85ea.CoverageTransformer.transform(CoverageTransformer.java:91)
	... 76 more
Caused by: java.lang.IllegalStateException: Class org/smartregister/util/DateUtil is already instrumented.
	at org.jacoco.agent.rt.internal_8ff85ea.core.internal.instr.InstrSupport.assertNotInstrumented(InstrSupport.java:176)
	at org.jacoco.agent.rt.internal_8ff85ea.core.internal.instr.ClassInstrumenter.visitField(ClassInstrumenter.java:55)
	at org.jacoco.agent.rt.internal_8ff85ea.asm.ClassVisitor.visitField(ClassVisitor.java:272)
	at org.jacoco.agent.rt.internal_8ff85ea.asm.ClassReader.readField(ClassReader.java:783)
	at org.jacoco.agent.rt.internal_8ff85ea.asm.ClassReader.accept(ClassReader.java:704)
	at org.jacoco.agent.rt.internal_8ff85ea.asm.ClassReader.accept(ClassReader.java:521)
	at org.jacoco.agent.rt.internal_8ff85ea.core.instr.Instrumenter.instrument(Instrumenter.java:90)
	at org.jacoco.agent.rt.internal_8ff85ea.core.instr.Instrumenter.instrument(Instrumenter.java:114)
	... 77 more
java.lang.instrument.IllegalClassFormatException: Error while instrumenting class org/smartregister/util/RealDate.
	at org.jacoco.agent.rt.internal_8ff85ea.CoverageTransformer.transform(CoverageTransformer.java:93)
	at sun.instrument.TransformerManager.transform(TransformerManager.java:188)
	at sun.instrument.InstrumentationImpl.transform(InstrumentationImpl.java:428)
	at java.lang.ClassLoader.defineClass1(Native Method)
	at java.lang.ClassLoader.defineClass(ClassLoader.java:763)
	at java.lang.ClassLoader.defineClass(ClassLoader.java:642)
	at org.robolectric.internal.bytecode.SandboxClassLoader.maybeInstrumentClass(SandboxClassLoader.java:130)
	at org.robolectric.internal.bytecode.SandboxClassLoader.lambda$findClass$0(SandboxClassLoader.java:107)
	at org.robolectric.util.PerfStatsCollector.measure(PerfStatsCollector.java:50)
	at org.robolectric.internal.bytecode.SandboxClassLoader.findClass(SandboxClassLoader.java:106)
	at java.lang.ClassLoader.loadClass(ClassLoader.java:424)
	at java.lang.ClassLoader.loadClass(ClassLoader.java:357)
	at org.smartregister.util.DateUtil.&lt;clinit&gt;(DateUtil.java:24)
	at org.smartregister.util.Utils.getDuration(Utils.java:609)
	at org.smartregister.anc.library.activity.BaseHomeRegisterActivity.showRecordBirthPopUp(BaseHomeRegisterActivity.java:349)
	at org.smartregister.anc.library.activity.BaseHomeRegisterActivity$MockitoMock$1266585105.showRecordBirthPopUp$accessor$Idbhx0Df(Unknown Source)
	at org.smartregister.anc.library.activity.BaseHomeRegisterActivity$MockitoMock$1266585105$auxiliary$LGxYuxyP.call(Unknown Source)
	at org.mockito.internal.creation.bytebuddy.InterceptedInvocation$SuperMethod$FromCallable.invoke(InterceptedInvocation.java:195)
	at org.mockito.internal.creation.bytebuddy.InterceptedInvocation.callRealMethod(InterceptedInvocation.java:131)
	at org.mockito.internal.stubbing.answers.CallsRealMethods.answer(CallsRealMethods.java:43)
	at org.mockito.Answers.answer(Answers.java:100)
	at org.mockito.internal.handler.MockHandlerImpl.handle(MockHandlerImpl.java:97)
	at org.mockito.internal.handler.NullResultGuardian.handle(NullResultGuardian.java:32)
	at org.mockito.internal.handler.InvocationNotifierHandler.handle(InvocationNotifierHandler.java:36)
	at org.mockito.internal.creation.bytebuddy.MockMethodInterceptor.doIntercept(MockMethodInterceptor.java:57)
	at org.mockito.internal.creation.bytebuddy.MockMethodInterceptor.doIntercept(MockMethodInterceptor.java:43)
	at org.mockito.internal.creation.bytebuddy.MockMethodInterceptor$DispatcherDefaultingToRealMethod.interceptSuperCallable(MockMethodInterceptor.java:119)
	at org.smartregister.anc.library.activity.BaseHomeRegisterActivity$MockitoMock$1266585105.showRecordBirthPopUp(Unknown Source)
	at org.smartregister.anc.library.activity.BaseHomeRegisterActivityTest.testShowRecordBirthPopUpInvokesMethodsOnRecordBirthAlertDialogsCorrectly(BaseHomeRegisterActivityTest.java:188)
	at sun.reflect.NativeMethodAccessorImpl.invoke0(Native Method)
	at sun.reflect.NativeMethodAccessorImpl.invoke(NativeMethodAccessorImpl.java:62)
	at sun.reflect.DelegatingMethodAccessorImpl.invoke(DelegatingMethodAccessorImpl.java:43)
	at java.lang.reflect.Method.invoke(Method.java:498)
	at org.junit.runners.model.FrameworkMethod$1.runReflectiveCall(FrameworkMethod.java:50)
	at org.junit.internal.runners.model.ReflectiveCallable.run(ReflectiveCallable.java:12)
	at org.junit.runners.model.FrameworkMethod.invokeExplosively(FrameworkMethod.java:47)
	at org.junit.internal.runners.statements.InvokeMethod.evaluate(InvokeMethod.java:17)
	at org.robolectric.RobolectricTestRunner$HelperTestRunner$1.evaluate(RobolectricTestRunner.java:570)
	at org.junit.internal.runners.statements.RunBefores.evaluate(RunBefores.java:26)
	at org.junit.internal.runners.statements.RunAfters.evaluate(RunAfters.java:27)
	at org.robolectric.internal.SandboxTestRunner$2.evaluate(SandboxTestRunner.java:253)
	at org.robolectric.internal.SandboxTestRunner.runChild(SandboxTestRunner.java:130)
	at org.robolectric.internal.SandboxTestRunner.runChild(SandboxTestRunner.java:42)
	at org.junit.runners.ParentRunner$3.run(ParentRunner.java:290)
	at org.junit.runners.ParentRunner$1.schedule(ParentRunner.java:71)
	at org.junit.runners.ParentRunner.runChildren(ParentRunner.java:288)
	at org.junit.runners.ParentRunner.access$000(ParentRunner.java:58)
	at org.junit.runners.ParentRunner$2.evaluate(ParentRunner.java:268)
	at org.robolectric.internal.SandboxTestRunner$1.evaluate(SandboxTestRunner.java:84)
	at org.junit.runners.ParentRunner.run(ParentRunner.java:363)
	at org.gradle.api.internal.tasks.testing.junit.JUnitTestClassExecutor.runTestClass(JUnitTestClassExecutor.java:106)
	at org.gradle.api.internal.tasks.testing.junit.JUnitTestClassExecutor.execute(JUnitTestClassExecutor.java:58)
	at org.gradle.api.internal.tasks.testing.junit.JUnitTestClassExecutor.execute(JUnitTestClassExecutor.java:38)
	at org.gradle.api.internal.tasks.testing.junit.AbstractJUnitTestClassProcessor.processTestClass(AbstractJUnitTestClassProcessor.java:66)
	at org.gradle.api.internal.tasks.testing.SuiteTestClassProcessor.processTestClass(SuiteTestClassProcessor.java:51)
	at sun.reflect.GeneratedMethodAccessor138.invoke(Unknown Source)
	at sun.reflect.DelegatingMethodAccessorImpl.invoke(DelegatingMethodAccessorImpl.java:43)
	at java.lang.reflect.Method.invoke(Method.java:498)
	at org.gradle.internal.dispatch.ReflectionDispatch.dispatch(ReflectionDispatch.java:35)
	at org.gradle.internal.dispatch.ReflectionDispatch.dispatch(ReflectionDispatch.java:24)
	at org.gradle.internal.dispatch.ContextClassLoaderDispatch.dispatch(ContextClassLoaderDispatch.java:32)
	at org.gradle.internal.dispatch.ProxyDispatchAdapter$DispatchingInvocationHandler.invoke(ProxyDispatchAdapter.java:93)
	at com.sun.proxy.$Proxy2.processTestClass(Unknown Source)
	at org.gradle.api.internal.tasks.testing.worker.TestWorker.processTestClass(TestWorker.java:117)
	at sun.reflect.GeneratedMethodAccessor137.invoke(Unknown Source)
	at sun.reflect.DelegatingMethodAccessorImpl.invoke(DelegatingMethodAccessorImpl.java:43)
	at java.lang.reflect.Method.invoke(Method.java:498)
	at org.gradle.internal.dispatch.ReflectionDispatch.dispatch(ReflectionDispatch.java:35)
	at org.gradle.internal.dispatch.ReflectionDispatch.dispatch(ReflectionDispatch.java:24)
	at org.gradle.internal.remote.internal.hub.MessageHubBackedObjectConnection$DispatchWrapper.dispatch(MessageHubBackedObjectConnection.java:155)
	at org.gradle.internal.remote.internal.hub.MessageHubBackedObjectConnection$DispatchWrapper.dispatch(MessageHubBackedObjectConnection.java:137)
	at org.gradle.internal.remote.internal.hub.MessageHub$Handler.run(MessageHub.java:404)
	at org.gradle.internal.concurrent.ExecutorPolicy$CatchAndRecordFailures.onExecute(ExecutorPolicy.java:63)
	at org.gradle.internal.concurrent.ManagedExecutorImpl$1.run(ManagedExecutorImpl.java:46)
	at java.util.concurrent.ThreadPoolExecutor.runWorker(ThreadPoolExecutor.java:1142)
	at java.util.concurrent.ThreadPoolExecutor$Worker.run(ThreadPoolExecutor.java:617)
	at org.gradle.internal.concurrent.ThreadFactoryImpl$ManagedThreadRunnable.run(ThreadFactoryImpl.java:55)
	at java.lang.Thread.run(Thread.java:745)
Caused by: java.io.IOException: Error while instrumenting class org/smartregister/util/RealDate.
	at org.jacoco.agent.rt.internal_8ff85ea.core.instr.Instrumenter.instrumentError(Instrumenter.java:166)
	at org.jacoco.agent.rt.internal_8ff85ea.core.instr.Instrumenter.instrument(Instrumenter.java:117)
	at org.jacoco.agent.rt.internal_8ff85ea.CoverageTransformer.transform(CoverageTransformer.java:91)
	... 77 more
Caused by: java.lang.IllegalStateException: Class org/smartregister/util/RealDate is already instrumented.
	at org.jacoco.agent.rt.internal_8ff85ea.core.internal.instr.InstrSupport.assertNotInstrumented(InstrSupport.java:176)
	at org.jacoco.agent.rt.internal_8ff85ea.core.internal.instr.ClassInstrumenter.visitField(ClassInstrumenter.java:55)
	at org.jacoco.agent.rt.internal_8ff85ea.asm.ClassVisitor.visitField(ClassVisitor.java:272)
	at org.jacoco.agent.rt.internal_8ff85ea.asm.ClassReader.readField(ClassReader.java:783)
	at org.jacoco.agent.rt.internal_8ff85ea.asm.ClassReader.accept(ClassReader.java:704)
	at org.jacoco.agent.rt.internal_8ff85ea.asm.ClassReader.accept(ClassReader.java:521)
	at org.jacoco.agent.rt.internal_8ff85ea.core.instr.Instrumenter.instrument(Instrumenter.java:90)
	at org.jacoco.agent.rt.internal_8ff85ea.core.instr.Instrumenter.instrument(Instrumenter.java:114)
	... 78 more
java.lang.IllegalStateException:  Instance does not exist!!! Call org.smartregister.configurableviews.ConfigurableViewsLibrary.init method in the onCreate method of your Application class 
	at org.smartregister.configurableviews.ConfigurableViewsLibrary.getInstance(ConfigurableViewsLibrary.java:35)
	at org.smartregister.anc.library.model.RegisterModel.unregisterViewConfiguration(RegisterModel.java:30)
	at org.smartregister.anc.library.presenter.RegisterPresenter.unregisterViewConfiguration(RegisterPresenter.java:57)
	at org.smartregister.view.activity.BaseRegisterActivity.onStop(BaseRegisterActivity.java:277)
	at android.app.Instrumentation.callActivityOnStop(Instrumentation.java:1277)
	at android.app.Activity.performStop(Activity.java:6142)
	at org.robolectric.util.ReflectionHelpers$7.run(ReflectionHelpers.java:216)
	at org.robolectric.util.ReflectionHelpers.traverseClassHierarchy(ReflectionHelpers.java:362)
	at org.robolectric.util.ReflectionHelpers.callInstanceMethod(ReflectionHelpers.java:210)
	at org.robolectric.android.controller.ComponentController$1.run(ComponentController.java:53)
	at org.robolectric.shadows.ShadowLooper.runPaused(ShadowLooper.java:359)
	at org.robolectric.android.controller.ComponentController.invokeWhilePaused(ComponentController.java:50)
	at org.robolectric.android.controller.ActivityController.stop(ActivityController.java:157)
	at org.smartregister.anc.library.activity.BaseActivityUnitTest.destroyController(BaseActivityUnitTest.java:64)
	at org.smartregister.anc.library.activity.BaseHomeRegisterActivityTest.tearDown(BaseHomeRegisterActivityTest.java:83)
	at org.junit.runners.model.FrameworkMethod$1.runReflectiveCall(FrameworkMethod.java:50)
	at org.junit.internal.runners.model.ReflectiveCallable.run(ReflectiveCallable.java:12)
	at org.junit.runners.model.FrameworkMethod.invokeExplosively(FrameworkMethod.java:47)
	at org.junit.internal.runners.statements.RunAfters.evaluate(RunAfters.java:33)
	at org.robolectric.internal.SandboxTestRunner$2.evaluate(SandboxTestRunner.java:253)
	at org.robolectric.internal.SandboxTestRunner.runChild(SandboxTestRunner.java:130)
	at org.robolectric.internal.SandboxTestRunner.runChild(SandboxTestRunner.java:42)
	at org.junit.runners.ParentRunner$3.run(ParentRunner.java:290)
	at org.junit.runners.ParentRunner$1.schedule(ParentRunner.java:71)
	at org.junit.runners.ParentRunner.runChildren(ParentRunner.java:288)
	at org.junit.runners.ParentRunner.access$000(ParentRunner.java:58)
	at org.junit.runners.ParentRunner$2.evaluate(ParentRunner.java:268)
	at org.robolectric.internal.SandboxTestRunner$1.evaluate(SandboxTestRunner.java:84)
	at org.junit.runners.ParentRunner.run(ParentRunner.java:363)
	at org.gradle.api.internal.tasks.testing.junit.JUnitTestClassExecutor.runTestClass(JUnitTestClassExecutor.java:106)
	at org.gradle.api.internal.tasks.testing.junit.JUnitTestClassExecutor.execute(JUnitTestClassExecutor.java:58)
	at org.gradle.api.internal.tasks.testing.junit.JUnitTestClassExecutor.execute(JUnitTestClassExecutor.java:38)
	at org.gradle.api.internal.tasks.testing.junit.AbstractJUnitTestClassProcessor.processTestClass(AbstractJUnitTestClassProcessor.java:66)
	at org.gradle.api.internal.tasks.testing.SuiteTestClassProcessor.processTestClass(SuiteTestClassProcessor.java:51)
	at org.gradle.internal.dispatch.ReflectionDispatch.dispatch(ReflectionDispatch.java:35)
	at org.gradle.internal.dispatch.ReflectionDispatch.dispatch(ReflectionDispatch.java:24)
	at org.gradle.internal.dispatch.ContextClassLoaderDispatch.dispatch(ContextClassLoaderDispatch.java:32)
	at org.gradle.internal.dispatch.ProxyDispatchAdapter$DispatchingInvocationHandler.invoke(ProxyDispatchAdapter.java:93)
	at com.sun.proxy.$Proxy2.processTestClass(Unknown Source)
	at org.gradle.api.internal.tasks.testing.worker.TestWorker.processTestClass(TestWorker.java:117)
	at org.gradle.internal.dispatch.ReflectionDispatch.dispatch(ReflectionDispatch.java:35)
	at org.gradle.internal.dispatch.ReflectionDispatch.dispatch(ReflectionDispatch.java:24)
	at org.gradle.internal.remote.internal.hub.MessageHubBackedObjectConnection$DispatchWrapper.dispatch(MessageHubBackedObjectConnection.java:155)
	at org.gradle.internal.remote.internal.hub.MessageHubBackedObjectConnection$DispatchWrapper.dispatch(MessageHubBackedObjectConnection.java:137)
	at org.gradle.internal.remote.internal.hub.MessageHub$Handler.run(MessageHub.java:404)
	at org.gradle.internal.concurrent.ExecutorPolicy$CatchAndRecordFailures.onExecute(ExecutorPolicy.java:63)
	at org.gradle.internal.concurrent.ManagedExecutorImpl$1.run(ManagedExecutorImpl.java:46)
	at java.util.concurrent.ThreadPoolExecutor.runWorker(ThreadPoolExecutor.java:1142)
	at java.util.concurrent.ThreadPoolExecutor$Worker.run(ThreadPoolExecutor.java:617)
	at org.gradle.internal.concurrent.ThreadFactoryImpl$ManagedThreadRunnable.run(ThreadFactoryImpl.java:55)
	at java.lang.Thread.run(Thread.java:745)
java.lang.IllegalStateException:  Instance does not exist!!! Call org.smartregister.configurableviews.ConfigurableViewsLibrary.init method in the onCreate method of your Application class 
	at org.smartregister.configurableviews.ConfigurableViewsLibrary.getInstance(ConfigurableViewsLibrary.java:35)
	at org.smartregister.anc.library.model.RegisterModel.unregisterViewConfiguration(RegisterModel.java:30)
	at org.smartregister.anc.library.presenter.RegisterPresenter.unregisterViewConfiguration(RegisterPresenter.java:57)
	at org.smartregister.view.activity.BaseRegisterActivity.onStop(BaseRegisterActivity.java:277)
	at android.app.Instrumentation.callActivityOnStop(Instrumentation.java:1277)
	at android.app.Activity.performStop(Activity.java:6142)
	at org.robolectric.util.ReflectionHelpers$7.run(ReflectionHelpers.java:216)
	at org.robolectric.util.ReflectionHelpers.traverseClassHierarchy(ReflectionHelpers.java:362)
	at org.robolectric.util.ReflectionHelpers.callInstanceMethod(ReflectionHelpers.java:210)
	at org.robolectric.android.controller.ComponentController$1.run(ComponentController.java:53)
	at org.robolectric.shadows.ShadowLooper.runPaused(ShadowLooper.java:359)
	at org.robolectric.android.controller.ComponentController.invokeWhilePaused(ComponentController.java:50)
	at org.robolectric.android.controller.ActivityController.stop(ActivityController.java:157)
	at org.smartregister.anc.library.activity.BaseActivityUnitTest.destroyController(BaseActivityUnitTest.java:64)
	at org.smartregister.anc.library.activity.BaseHomeRegisterActivityTest.tearDown(BaseHomeRegisterActivityTest.java:83)
	at org.junit.runners.model.FrameworkMethod$1.runReflectiveCall(FrameworkMethod.java:50)
	at org.junit.internal.runners.model.ReflectiveCallable.run(ReflectiveCallable.java:12)
	at org.junit.runners.model.FrameworkMethod.invokeExplosively(FrameworkMethod.java:47)
	at org.junit.internal.runners.statements.RunAfters.evaluate(RunAfters.java:33)
	at org.robolectric.internal.SandboxTestRunner$2.evaluate(SandboxTestRunner.java:253)
	at org.robolectric.internal.SandboxTestRunner.runChild(SandboxTestRunner.java:130)
	at org.robolectric.internal.SandboxTestRunner.runChild(SandboxTestRunner.java:42)
	at org.junit.runners.ParentRunner$3.run(ParentRunner.java:290)
	at org.junit.runners.ParentRunner$1.schedule(ParentRunner.java:71)
	at org.junit.runners.ParentRunner.runChildren(ParentRunner.java:288)
	at org.junit.runners.ParentRunner.access$000(ParentRunner.java:58)
	at org.junit.runners.ParentRunner$2.evaluate(ParentRunner.java:268)
	at org.robolectric.internal.SandboxTestRunner$1.evaluate(SandboxTestRunner.java:84)
	at org.junit.runners.ParentRunner.run(ParentRunner.java:363)
	at org.gradle.api.internal.tasks.testing.junit.JUnitTestClassExecutor.runTestClass(JUnitTestClassExecutor.java:106)
	at org.gradle.api.internal.tasks.testing.junit.JUnitTestClassExecutor.execute(JUnitTestClassExecutor.java:58)
	at org.gradle.api.internal.tasks.testing.junit.JUnitTestClassExecutor.execute(JUnitTestClassExecutor.java:38)
	at org.gradle.api.internal.tasks.testing.junit.AbstractJUnitTestClassProcessor.processTestClass(AbstractJUnitTestClassProcessor.java:66)
	at org.gradle.api.internal.tasks.testing.SuiteTestClassProcessor.processTestClass(SuiteTestClassProcessor.java:51)
	at org.gradle.internal.dispatch.ReflectionDispatch.dispatch(ReflectionDispatch.java:35)
	at org.gradle.internal.dispatch.ReflectionDispatch.dispatch(ReflectionDispatch.java:24)
	at org.gradle.internal.dispatch.ContextClassLoaderDispatch.dispatch(ContextClassLoaderDispatch.java:32)
	at org.gradle.internal.dispatch.ProxyDispatchAdapter$DispatchingInvocationHandler.invoke(ProxyDispatchAdapter.java:93)
	at com.sun.proxy.$Proxy2.processTestClass(Unknown Source)
	at org.gradle.api.internal.tasks.testing.worker.TestWorker.processTestClass(TestWorker.java:117)
	at org.gradle.internal.dispatch.ReflectionDispatch.dispatch(ReflectionDispatch.java:35)
	at org.gradle.internal.dispatch.ReflectionDispatch.dispatch(ReflectionDispatch.java:24)
	at org.gradle.internal.remote.internal.hub.MessageHubBackedObjectConnection$DispatchWrapper.dispatch(MessageHubBackedObjectConnection.java:155)
	at org.gradle.internal.remote.internal.hub.MessageHubBackedObjectConnection$DispatchWrapper.dispatch(MessageHubBackedObjectConnection.java:137)
	at org.gradle.internal.remote.internal.hub.MessageHub$Handler.run(MessageHub.java:404)
	at org.gradle.internal.concurrent.ExecutorPolicy$CatchAndRecordFailures.onExecute(ExecutorPolicy.java:63)
	at org.gradle.internal.concurrent.ManagedExecutorImpl$1.run(ManagedExecutorImpl.java:46)
	at java.util.concurrent.ThreadPoolExecutor.runWorker(ThreadPoolExecutor.java:1142)
	at java.util.concurrent.ThreadPoolExecutor$Worker.run(ThreadPoolExecutor.java:617)
	at org.gradle.internal.concurrent.ThreadFactoryImpl$ManagedThreadRunnable.run(ThreadFactoryImpl.java:55)
	at java.lang.Thread.run(Thread.java:745)
java.lang.IllegalStateException:  Instance does not exist!!! Call org.smartregister.configurableviews.ConfigurableViewsLibrary.init method in the onCreate method of your Application class 
	at org.smartregister.configurableviews.ConfigurableViewsLibrary.getInstance(ConfigurableViewsLibrary.java:35)
	at org.smartregister.anc.library.model.RegisterModel.unregisterViewConfiguration(RegisterModel.java:30)
	at org.smartregister.anc.library.presenter.RegisterPresenter.unregisterViewConfiguration(RegisterPresenter.java:57)
	at org.smartregister.view.activity.BaseRegisterActivity.onStop(BaseRegisterActivity.java:277)
	at android.app.Instrumentation.callActivityOnStop(Instrumentation.java:1277)
	at android.app.Activity.performStop(Activity.java:6142)
	at org.robolectric.util.ReflectionHelpers$7.run(ReflectionHelpers.java:216)
	at org.robolectric.util.ReflectionHelpers.traverseClassHierarchy(ReflectionHelpers.java:362)
	at org.robolectric.util.ReflectionHelpers.callInstanceMethod(ReflectionHelpers.java:210)
	at org.robolectric.android.controller.ComponentController$1.run(ComponentController.java:53)
	at org.robolectric.shadows.ShadowLooper.runPaused(ShadowLooper.java:359)
	at org.robolectric.android.controller.ComponentController.invokeWhilePaused(ComponentController.java:50)
	at org.robolectric.android.controller.ActivityController.stop(ActivityController.java:157)
	at org.smartregister.anc.library.activity.BaseActivityUnitTest.destroyController(BaseActivityUnitTest.java:64)
	at org.smartregister.anc.library.activity.BaseHomeRegisterActivityTest.tearDown(BaseHomeRegisterActivityTest.java:83)
	at org.junit.runners.model.FrameworkMethod$1.runReflectiveCall(FrameworkMethod.java:50)
	at org.junit.internal.runners.model.ReflectiveCallable.run(ReflectiveCallable.java:12)
	at org.junit.runners.model.FrameworkMethod.invokeExplosively(FrameworkMethod.java:47)
	at org.junit.internal.runners.statements.RunAfters.evaluate(RunAfters.java:33)
	at org.robolectric.internal.SandboxTestRunner$2.evaluate(SandboxTestRunner.java:253)
	at org.robolectric.internal.SandboxTestRunner.runChild(SandboxTestRunner.java:130)
	at org.robolectric.internal.SandboxTestRunner.runChild(SandboxTestRunner.java:42)
	at org.junit.runners.ParentRunner$3.run(ParentRunner.java:290)
	at org.junit.runners.ParentRunner$1.schedule(ParentRunner.java:71)
	at org.junit.runners.ParentRunner.runChildren(ParentRunner.java:288)
	at org.junit.runners.ParentRunner.access$000(ParentRunner.java:58)
	at org.junit.runners.ParentRunner$2.evaluate(ParentRunner.java:268)
	at org.robolectric.internal.SandboxTestRunner$1.evaluate(SandboxTestRunner.java:84)
	at org.junit.runners.ParentRunner.run(ParentRunner.java:363)
	at org.gradle.api.internal.tasks.testing.junit.JUnitTestClassExecutor.runTestClass(JUnitTestClassExecutor.java:106)
	at org.gradle.api.internal.tasks.testing.junit.JUnitTestClassExecutor.execute(JUnitTestClassExecutor.java:58)
	at org.gradle.api.internal.tasks.testing.junit.JUnitTestClassExecutor.execute(JUnitTestClassExecutor.java:38)
	at org.gradle.api.internal.tasks.testing.junit.AbstractJUnitTestClassProcessor.processTestClass(AbstractJUnitTestClassProcessor.java:66)
	at org.gradle.api.internal.tasks.testing.SuiteTestClassProcessor.processTestClass(SuiteTestClassProcessor.java:51)
	at org.gradle.internal.dispatch.ReflectionDispatch.dispatch(ReflectionDispatch.java:35)
	at org.gradle.internal.dispatch.ReflectionDispatch.dispatch(ReflectionDispatch.java:24)
	at org.gradle.internal.dispatch.ContextClassLoaderDispatch.dispatch(ContextClassLoaderDispatch.java:32)
	at org.gradle.internal.dispatch.ProxyDispatchAdapter$DispatchingInvocationHandler.invoke(ProxyDispatchAdapter.java:93)
	at com.sun.proxy.$Proxy2.processTestClass(Unknown Source)
	at org.gradle.api.internal.tasks.testing.worker.TestWorker.processTestClass(TestWorker.java:117)
	at org.gradle.internal.dispatch.ReflectionDispatch.dispatch(ReflectionDispatch.java:35)
	at org.gradle.internal.dispatch.ReflectionDispatch.dispatch(ReflectionDispatch.java:24)
	at org.gradle.internal.remote.internal.hub.MessageHubBackedObjectConnection$DispatchWrapper.dispatch(MessageHubBackedObjectConnection.java:155)
	at org.gradle.internal.remote.internal.hub.MessageHubBackedObjectConnection$DispatchWrapper.dispatch(MessageHubBackedObjectConnection.java:137)
	at org.gradle.internal.remote.internal.hub.MessageHub$Handler.run(MessageHub.java:404)
	at org.gradle.internal.concurrent.ExecutorPolicy$CatchAndRecordFailures.onExecute(ExecutorPolicy.java:63)
	at org.gradle.internal.concurrent.ManagedExecutorImpl$1.run(ManagedExecutorImpl.java:46)
	at java.util.concurrent.ThreadPoolExecutor.runWorker(ThreadPoolExecutor.java:1142)
	at java.util.concurrent.ThreadPoolExecutor$Worker.run(ThreadPoolExecutor.java:617)
	at org.gradle.internal.concurrent.ThreadFactoryImpl$ManagedThreadRunnable.run(ThreadFactoryImpl.java:55)
	at java.lang.Thread.run(Thread.java:745)
java.lang.IllegalStateException:  Instance does not exist!!! Call org.smartregister.configurableviews.ConfigurableViewsLibrary.init method in the onCreate method of your Application class 
	at org.smartregister.configurableviews.ConfigurableViewsLibrary.getInstance(ConfigurableViewsLibrary.java:35)
	at org.smartregister.anc.library.model.RegisterModel.unregisterViewConfiguration(RegisterModel.java:30)
	at org.smartregister.anc.library.presenter.RegisterPresenter.unregisterViewConfiguration(RegisterPresenter.java:57)
	at org.smartregister.view.activity.BaseRegisterActivity.onStop(BaseRegisterActivity.java:277)
	at android.app.Instrumentation.callActivityOnStop(Instrumentation.java:1277)
	at android.app.Activity.performStop(Activity.java:6142)
	at org.robolectric.util.ReflectionHelpers$7.run(ReflectionHelpers.java:216)
	at org.robolectric.util.ReflectionHelpers.traverseClassHierarchy(ReflectionHelpers.java:362)
	at org.robolectric.util.ReflectionHelpers.callInstanceMethod(ReflectionHelpers.java:210)
	at org.robolectric.android.controller.ComponentController$1.run(ComponentController.java:53)
	at org.robolectric.shadows.ShadowLooper.runPaused(ShadowLooper.java:359)
	at org.robolectric.android.controller.ComponentController.invokeWhilePaused(ComponentController.java:50)
	at org.robolectric.android.controller.ActivityController.stop(ActivityController.java:157)
	at org.smartregister.anc.library.activity.BaseActivityUnitTest.destroyController(BaseActivityUnitTest.java:64)
	at org.smartregister.anc.library.activity.BaseHomeRegisterActivityTest.tearDown(BaseHomeRegisterActivityTest.java:83)
	at org.junit.runners.model.FrameworkMethod$1.runReflectiveCall(FrameworkMethod.java:50)
	at org.junit.internal.runners.model.ReflectiveCallable.run(ReflectiveCallable.java:12)
	at org.junit.runners.model.FrameworkMethod.invokeExplosively(FrameworkMethod.java:47)
	at org.junit.internal.runners.statements.RunAfters.evaluate(RunAfters.java:33)
	at org.robolectric.internal.SandboxTestRunner$2.evaluate(SandboxTestRunner.java:253)
	at org.robolectric.internal.SandboxTestRunner.runChild(SandboxTestRunner.java:130)
	at org.robolectric.internal.SandboxTestRunner.runChild(SandboxTestRunner.java:42)
	at org.junit.runners.ParentRunner$3.run(ParentRunner.java:290)
	at org.junit.runners.ParentRunner$1.schedule(ParentRunner.java:71)
	at org.junit.runners.ParentRunner.runChildren(ParentRunner.java:288)
	at org.junit.runners.ParentRunner.access$000(ParentRunner.java:58)
	at org.junit.runners.ParentRunner$2.evaluate(ParentRunner.java:268)
	at org.robolectric.internal.SandboxTestRunner$1.evaluate(SandboxTestRunner.java:84)
	at org.junit.runners.ParentRunner.run(ParentRunner.java:363)
	at org.gradle.api.internal.tasks.testing.junit.JUnitTestClassExecutor.runTestClass(JUnitTestClassExecutor.java:106)
	at org.gradle.api.internal.tasks.testing.junit.JUnitTestClassExecutor.execute(JUnitTestClassExecutor.java:58)
	at org.gradle.api.internal.tasks.testing.junit.JUnitTestClassExecutor.execute(JUnitTestClassExecutor.java:38)
	at org.gradle.api.internal.tasks.testing.junit.AbstractJUnitTestClassProcessor.processTestClass(AbstractJUnitTestClassProcessor.java:66)
	at org.gradle.api.internal.tasks.testing.SuiteTestClassProcessor.processTestClass(SuiteTestClassProcessor.java:51)
	at org.gradle.internal.dispatch.ReflectionDispatch.dispatch(ReflectionDispatch.java:35)
	at org.gradle.internal.dispatch.ReflectionDispatch.dispatch(ReflectionDispatch.java:24)
	at org.gradle.internal.dispatch.ContextClassLoaderDispatch.dispatch(ContextClassLoaderDispatch.java:32)
	at org.gradle.internal.dispatch.ProxyDispatchAdapter$DispatchingInvocationHandler.invoke(ProxyDispatchAdapter.java:93)
	at com.sun.proxy.$Proxy2.processTestClass(Unknown Source)
	at org.gradle.api.internal.tasks.testing.worker.TestWorker.processTestClass(TestWorker.java:117)
	at org.gradle.internal.dispatch.ReflectionDispatch.dispatch(ReflectionDispatch.java:35)
	at org.gradle.internal.dispatch.ReflectionDispatch.dispatch(ReflectionDispatch.java:24)
	at org.gradle.internal.remote.internal.hub.MessageHubBackedObjectConnection$DispatchWrapper.dispatch(MessageHubBackedObjectConnection.java:155)
	at org.gradle.internal.remote.internal.hub.MessageHubBackedObjectConnection$DispatchWrapper.dispatch(MessageHubBackedObjectConnection.java:137)
	at org.gradle.internal.remote.internal.hub.MessageHub$Handler.run(MessageHub.java:404)
	at org.gradle.internal.concurrent.ExecutorPolicy$CatchAndRecordFailures.onExecute(ExecutorPolicy.java:63)
	at org.gradle.internal.concurrent.ManagedExecutorImpl$1.run(ManagedExecutorImpl.java:46)
	at java.util.concurrent.ThreadPoolExecutor.runWorker(ThreadPoolExecutor.java:1142)
	at java.util.concurrent.ThreadPoolExecutor$Worker.run(ThreadPoolExecutor.java:617)
	at org.gradle.internal.concurrent.ThreadFactoryImpl$ManagedThreadRunnable.run(ThreadFactoryImpl.java:55)
	at java.lang.Thread.run(Thread.java:745)
java.lang.IllegalStateException:  Instance does not exist!!! Call org.smartregister.configurableviews.ConfigurableViewsLibrary.init method in the onCreate method of your Application class 
	at org.smartregister.configurableviews.ConfigurableViewsLibrary.getInstance(ConfigurableViewsLibrary.java:35)
	at org.smartregister.anc.library.model.RegisterModel.unregisterViewConfiguration(RegisterModel.java:30)
	at org.smartregister.anc.library.presenter.RegisterPresenter.unregisterViewConfiguration(RegisterPresenter.java:57)
	at org.smartregister.view.activity.BaseRegisterActivity.onStop(BaseRegisterActivity.java:277)
	at android.app.Instrumentation.callActivityOnStop(Instrumentation.java:1277)
	at android.app.Activity.performStop(Activity.java:6142)
	at org.robolectric.util.ReflectionHelpers$7.run(ReflectionHelpers.java:216)
	at org.robolectric.util.ReflectionHelpers.traverseClassHierarchy(ReflectionHelpers.java:362)
	at org.robolectric.util.ReflectionHelpers.callInstanceMethod(ReflectionHelpers.java:210)
	at org.robolectric.android.controller.ComponentController$1.run(ComponentController.java:53)
	at org.robolectric.shadows.ShadowLooper.runPaused(ShadowLooper.java:359)
	at org.robolectric.android.controller.ComponentController.invokeWhilePaused(ComponentController.java:50)
	at org.robolectric.android.controller.ActivityController.stop(ActivityController.java:157)
	at org.smartregister.anc.library.activity.BaseActivityUnitTest.destroyController(BaseActivityUnitTest.java:64)
	at org.smartregister.anc.library.activity.BaseHomeRegisterActivityTest.tearDown(BaseHomeRegisterActivityTest.java:83)
	at org.junit.runners.model.FrameworkMethod$1.runReflectiveCall(FrameworkMethod.java:50)
	at org.junit.internal.runners.model.ReflectiveCallable.run(ReflectiveCallable.java:12)
	at org.junit.runners.model.FrameworkMethod.invokeExplosively(FrameworkMethod.java:47)
	at org.junit.internal.runners.statements.RunAfters.evaluate(RunAfters.java:33)
	at org.robolectric.internal.SandboxTestRunner$2.evaluate(SandboxTestRunner.java:253)
	at org.robolectric.internal.SandboxTestRunner.runChild(SandboxTestRunner.java:130)
	at org.robolectric.internal.SandboxTestRunner.runChild(SandboxTestRunner.java:42)
	at org.junit.runners.ParentRunner$3.run(ParentRunner.java:290)
	at org.junit.runners.ParentRunner$1.schedule(ParentRunner.java:71)
	at org.junit.runners.ParentRunner.runChildren(ParentRunner.java:288)
	at org.junit.runners.ParentRunner.access$000(ParentRunner.java:58)
	at org.junit.runners.ParentRunner$2.evaluate(ParentRunner.java:268)
	at org.robolectric.internal.SandboxTestRunner$1.evaluate(SandboxTestRunner.java:84)
	at org.junit.runners.ParentRunner.run(ParentRunner.java:363)
	at org.gradle.api.internal.tasks.testing.junit.JUnitTestClassExecutor.runTestClass(JUnitTestClassExecutor.java:106)
	at org.gradle.api.internal.tasks.testing.junit.JUnitTestClassExecutor.execute(JUnitTestClassExecutor.java:58)
	at org.gradle.api.internal.tasks.testing.junit.JUnitTestClassExecutor.execute(JUnitTestClassExecutor.java:38)
	at org.gradle.api.internal.tasks.testing.junit.AbstractJUnitTestClassProcessor.processTestClass(AbstractJUnitTestClassProcessor.java:66)
	at org.gradle.api.internal.tasks.testing.SuiteTestClassProcessor.processTestClass(SuiteTestClassProcessor.java:51)
	at org.gradle.internal.dispatch.ReflectionDispatch.dispatch(ReflectionDispatch.java:35)
	at org.gradle.internal.dispatch.ReflectionDispatch.dispatch(ReflectionDispatch.java:24)
	at org.gradle.internal.dispatch.ContextClassLoaderDispatch.dispatch(ContextClassLoaderDispatch.java:32)
	at org.gradle.internal.dispatch.ProxyDispatchAdapter$DispatchingInvocationHandler.invoke(ProxyDispatchAdapter.java:93)
	at com.sun.proxy.$Proxy2.processTestClass(Unknown Source)
	at org.gradle.api.internal.tasks.testing.worker.TestWorker.processTestClass(TestWorker.java:117)
	at org.gradle.internal.dispatch.ReflectionDispatch.dispatch(ReflectionDispatch.java:35)
	at org.gradle.internal.dispatch.ReflectionDispatch.dispatch(ReflectionDispatch.java:24)
	at org.gradle.internal.remote.internal.hub.MessageHubBackedObjectConnection$DispatchWrapper.dispatch(MessageHubBackedObjectConnection.java:155)
	at org.gradle.internal.remote.internal.hub.MessageHubBackedObjectConnection$DispatchWrapper.dispatch(MessageHubBackedObjectConnection.java:137)
	at org.gradle.internal.remote.internal.hub.MessageHub$Handler.run(MessageHub.java:404)
	at org.gradle.internal.concurrent.ExecutorPolicy$CatchAndRecordFailures.onExecute(ExecutorPolicy.java:63)
	at org.gradle.internal.concurrent.ManagedExecutorImpl$1.run(ManagedExecutorImpl.java:46)
	at java.util.concurrent.ThreadPoolExecutor.runWorker(ThreadPoolExecutor.java:1142)
	at java.util.concurrent.ThreadPoolExecutor$Worker.run(ThreadPoolExecutor.java:617)
	at org.gradle.internal.concurrent.ThreadFactoryImpl$ManagedThreadRunnable.run(ThreadFactoryImpl.java:55)
	at java.lang.Thread.run(Thread.java:745)
java.lang.IllegalStateException:  Instance does not exist!!! Call org.smartregister.configurableviews.ConfigurableViewsLibrary.init method in the onCreate method of your Application class 
	at org.smartregister.configurableviews.ConfigurableViewsLibrary.getInstance(ConfigurableViewsLibrary.java:35)
	at org.smartregister.anc.library.model.RegisterModel.unregisterViewConfiguration(RegisterModel.java:30)
	at org.smartregister.anc.library.presenter.RegisterPresenter.unregisterViewConfiguration(RegisterPresenter.java:57)
	at org.smartregister.view.activity.BaseRegisterActivity.onStop(BaseRegisterActivity.java:277)
	at android.app.Instrumentation.callActivityOnStop(Instrumentation.java:1277)
	at android.app.Activity.performStop(Activity.java:6142)
	at org.robolectric.util.ReflectionHelpers$7.run(ReflectionHelpers.java:216)
	at org.robolectric.util.ReflectionHelpers.traverseClassHierarchy(ReflectionHelpers.java:362)
	at org.robolectric.util.ReflectionHelpers.callInstanceMethod(ReflectionHelpers.java:210)
	at org.robolectric.android.controller.ComponentController$1.run(ComponentController.java:53)
	at org.robolectric.shadows.ShadowLooper.runPaused(ShadowLooper.java:359)
	at org.robolectric.android.controller.ComponentController.invokeWhilePaused(ComponentController.java:50)
	at org.robolectric.android.controller.ActivityController.stop(ActivityController.java:157)
	at org.smartregister.anc.library.activity.BaseActivityUnitTest.destroyController(BaseActivityUnitTest.java:64)
	at org.smartregister.anc.library.activity.BaseHomeRegisterActivityTest.tearDown(BaseHomeRegisterActivityTest.java:83)
	at org.junit.runners.model.FrameworkMethod$1.runReflectiveCall(FrameworkMethod.java:50)
	at org.junit.internal.runners.model.ReflectiveCallable.run(ReflectiveCallable.java:12)
	at org.junit.runners.model.FrameworkMethod.invokeExplosively(FrameworkMethod.java:47)
	at org.junit.internal.runners.statements.RunAfters.evaluate(RunAfters.java:33)
	at org.robolectric.internal.SandboxTestRunner$2.evaluate(SandboxTestRunner.java:253)
	at org.robolectric.internal.SandboxTestRunner.runChild(SandboxTestRunner.java:130)
	at org.robolectric.internal.SandboxTestRunner.runChild(SandboxTestRunner.java:42)
	at org.junit.runners.ParentRunner$3.run(ParentRunner.java:290)
	at org.junit.runners.ParentRunner$1.schedule(ParentRunner.java:71)
	at org.junit.runners.ParentRunner.runChildren(ParentRunner.java:288)
	at org.junit.runners.ParentRunner.access$000(ParentRunner.java:58)
	at org.junit.runners.ParentRunner$2.evaluate(ParentRunner.java:268)
	at org.robolectric.internal.SandboxTestRunner$1.evaluate(SandboxTestRunner.java:84)
	at org.junit.runners.ParentRunner.run(ParentRunner.java:363)
	at org.gradle.api.internal.tasks.testing.junit.JUnitTestClassExecutor.runTestClass(JUnitTestClassExecutor.java:106)
	at org.gradle.api.internal.tasks.testing.junit.JUnitTestClassExecutor.execute(JUnitTestClassExecutor.java:58)
	at org.gradle.api.internal.tasks.testing.junit.JUnitTestClassExecutor.execute(JUnitTestClassExecutor.java:38)
	at org.gradle.api.internal.tasks.testing.junit.AbstractJUnitTestClassProcessor.processTestClass(AbstractJUnitTestClassProcessor.java:66)
	at org.gradle.api.internal.tasks.testing.SuiteTestClassProcessor.processTestClass(SuiteTestClassProcessor.java:51)
	at org.gradle.internal.dispatch.ReflectionDispatch.dispatch(ReflectionDispatch.java:35)
	at org.gradle.internal.dispatch.ReflectionDispatch.dispatch(ReflectionDispatch.java:24)
	at org.gradle.internal.dispatch.ContextClassLoaderDispatch.dispatch(ContextClassLoaderDispatch.java:32)
	at org.gradle.internal.dispatch.ProxyDispatchAdapter$DispatchingInvocationHandler.invoke(ProxyDispatchAdapter.java:93)
	at com.sun.proxy.$Proxy2.processTestClass(Unknown Source)
	at org.gradle.api.internal.tasks.testing.worker.TestWorker.processTestClass(TestWorker.java:117)
	at org.gradle.internal.dispatch.ReflectionDispatch.dispatch(ReflectionDispatch.java:35)
	at org.gradle.internal.dispatch.ReflectionDispatch.dispatch(ReflectionDispatch.java:24)
	at org.gradle.internal.remote.internal.hub.MessageHubBackedObjectConnection$DispatchWrapper.dispatch(MessageHubBackedObjectConnection.java:155)
	at org.gradle.internal.remote.internal.hub.MessageHubBackedObjectConnection$DispatchWrapper.dispatch(MessageHubBackedObjectConnection.java:137)
	at org.gradle.internal.remote.internal.hub.MessageHub$Handler.run(MessageHub.java:404)
	at org.gradle.internal.concurrent.ExecutorPolicy$CatchAndRecordFailures.onExecute(ExecutorPolicy.java:63)
	at org.gradle.internal.concurrent.ManagedExecutorImpl$1.run(ManagedExecutorImpl.java:46)
	at java.util.concurrent.ThreadPoolExecutor.runWorker(ThreadPoolExecutor.java:1142)
	at java.util.concurrent.ThreadPoolExecutor$Worker.run(ThreadPoolExecutor.java:617)
	at org.gradle.internal.concurrent.ThreadFactoryImpl$ManagedThreadRunnable.run(ThreadFactoryImpl.java:55)
	at java.lang.Thread.run(Thread.java:745)
java.lang.IllegalStateException:  Instance does not exist!!! Call org.smartregister.configurableviews.ConfigurableViewsLibrary.init method in the onCreate method of your Application class 
	at org.smartregister.configurableviews.ConfigurableViewsLibrary.getInstance(ConfigurableViewsLibrary.java:35)
	at org.smartregister.anc.library.model.RegisterModel.unregisterViewConfiguration(RegisterModel.java:30)
	at org.smartregister.anc.library.presenter.RegisterPresenter.unregisterViewConfiguration(RegisterPresenter.java:57)
	at org.smartregister.view.activity.BaseRegisterActivity.onStop(BaseRegisterActivity.java:277)
	at android.app.Instrumentation.callActivityOnStop(Instrumentation.java:1277)
	at android.app.Activity.performStop(Activity.java:6142)
	at org.robolectric.util.ReflectionHelpers$7.run(ReflectionHelpers.java:216)
	at org.robolectric.util.ReflectionHelpers.traverseClassHierarchy(ReflectionHelpers.java:362)
	at org.robolectric.util.ReflectionHelpers.callInstanceMethod(ReflectionHelpers.java:210)
	at org.robolectric.android.controller.ComponentController$1.run(ComponentController.java:53)
	at org.robolectric.shadows.ShadowLooper.runPaused(ShadowLooper.java:359)
	at org.robolectric.android.controller.ComponentController.invokeWhilePaused(ComponentController.java:50)
	at org.robolectric.android.controller.ActivityController.stop(ActivityController.java:157)
	at org.smartregister.anc.library.activity.BaseActivityUnitTest.destroyController(BaseActivityUnitTest.java:64)
	at org.smartregister.anc.library.activity.BaseHomeRegisterActivityTest.tearDown(BaseHomeRegisterActivityTest.java:83)
	at org.junit.runners.model.FrameworkMethod$1.runReflectiveCall(FrameworkMethod.java:50)
	at org.junit.internal.runners.model.ReflectiveCallable.run(ReflectiveCallable.java:12)
	at org.junit.runners.model.FrameworkMethod.invokeExplosively(FrameworkMethod.java:47)
	at org.junit.internal.runners.statements.RunAfters.evaluate(RunAfters.java:33)
	at org.robolectric.internal.SandboxTestRunner$2.evaluate(SandboxTestRunner.java:253)
	at org.robolectric.internal.SandboxTestRunner.runChild(SandboxTestRunner.java:130)
	at org.robolectric.internal.SandboxTestRunner.runChild(SandboxTestRunner.java:42)
	at org.junit.runners.ParentRunner$3.run(ParentRunner.java:290)
	at org.junit.runners.ParentRunner$1.schedule(ParentRunner.java:71)
	at org.junit.runners.ParentRunner.runChildren(ParentRunner.java:288)
	at org.junit.runners.ParentRunner.access$000(ParentRunner.java:58)
	at org.junit.runners.ParentRunner$2.evaluate(ParentRunner.java:268)
	at org.robolectric.internal.SandboxTestRunner$1.evaluate(SandboxTestRunner.java:84)
	at org.junit.runners.ParentRunner.run(ParentRunner.java:363)
	at org.gradle.api.internal.tasks.testing.junit.JUnitTestClassExecutor.runTestClass(JUnitTestClassExecutor.java:106)
	at org.gradle.api.internal.tasks.testing.junit.JUnitTestClassExecutor.execute(JUnitTestClassExecutor.java:58)
	at org.gradle.api.internal.tasks.testing.junit.JUnitTestClassExecutor.execute(JUnitTestClassExecutor.java:38)
	at org.gradle.api.internal.tasks.testing.junit.AbstractJUnitTestClassProcessor.processTestClass(AbstractJUnitTestClassProcessor.java:66)
	at org.gradle.api.internal.tasks.testing.SuiteTestClassProcessor.processTestClass(SuiteTestClassProcessor.java:51)
	at org.gradle.internal.dispatch.ReflectionDispatch.dispatch(ReflectionDispatch.java:35)
	at org.gradle.internal.dispatch.ReflectionDispatch.dispatch(ReflectionDispatch.java:24)
	at org.gradle.internal.dispatch.ContextClassLoaderDispatch.dispatch(ContextClassLoaderDispatch.java:32)
	at org.gradle.internal.dispatch.ProxyDispatchAdapter$DispatchingInvocationHandler.invoke(ProxyDispatchAdapter.java:93)
	at com.sun.proxy.$Proxy2.processTestClass(Unknown Source)
	at org.gradle.api.internal.tasks.testing.worker.TestWorker.processTestClass(TestWorker.java:117)
	at org.gradle.internal.dispatch.ReflectionDispatch.dispatch(ReflectionDispatch.java:35)
	at org.gradle.internal.dispatch.ReflectionDispatch.dispatch(ReflectionDispatch.java:24)
	at org.gradle.internal.remote.internal.hub.MessageHubBackedObjectConnection$DispatchWrapper.dispatch(MessageHubBackedObjectConnection.java:155)
	at org.gradle.internal.remote.internal.hub.MessageHubBackedObjectConnection$DispatchWrapper.dispatch(MessageHubBackedObjectConnection.java:137)
	at org.gradle.internal.remote.internal.hub.MessageHub$Handler.run(MessageHub.java:404)
	at org.gradle.internal.concurrent.ExecutorPolicy$CatchAndRecordFailures.onExecute(ExecutorPolicy.java:63)
	at org.gradle.internal.concurrent.ManagedExecutorImpl$1.run(ManagedExecutorImpl.java:46)
	at java.util.concurrent.ThreadPoolExecutor.runWorker(ThreadPoolExecutor.java:1142)
	at java.util.concurrent.ThreadPoolExecutor$Worker.run(ThreadPoolExecutor.java:617)
	at org.gradle.internal.concurrent.ThreadFactoryImpl$ManagedThreadRunnable.run(ThreadFactoryImpl.java:55)
	at java.lang.Thread.run(Thread.java:745)
java.lang.IllegalStateException:  Instance does not exist!!! Call org.smartregister.configurableviews.ConfigurableViewsLibrary.init method in the onCreate method of your Application class 
	at org.smartregister.configurableviews.ConfigurableViewsLibrary.getInstance(ConfigurableViewsLibrary.java:35)
	at org.smartregister.anc.library.model.RegisterModel.unregisterViewConfiguration(RegisterModel.java:30)
	at org.smartregister.anc.library.presenter.RegisterPresenter.unregisterViewConfiguration(RegisterPresenter.java:57)
	at org.smartregister.view.activity.BaseRegisterActivity.onStop(BaseRegisterActivity.java:277)
	at android.app.Instrumentation.callActivityOnStop(Instrumentation.java:1277)
	at android.app.Activity.performStop(Activity.java:6142)
	at org.robolectric.util.ReflectionHelpers$7.run(ReflectionHelpers.java:216)
	at org.robolectric.util.ReflectionHelpers.traverseClassHierarchy(ReflectionHelpers.java:362)
	at org.robolectric.util.ReflectionHelpers.callInstanceMethod(ReflectionHelpers.java:210)
	at org.robolectric.android.controller.ComponentController$1.run(ComponentController.java:53)
	at org.robolectric.shadows.ShadowLooper.runPaused(ShadowLooper.java:359)
	at org.robolectric.android.controller.ComponentController.invokeWhilePaused(ComponentController.java:50)
	at org.robolectric.android.controller.ActivityController.stop(ActivityController.java:157)
	at org.smartregister.anc.library.activity.BaseActivityUnitTest.destroyController(BaseActivityUnitTest.java:64)
	at org.smartregister.anc.library.activity.BaseHomeRegisterActivityTest.tearDown(BaseHomeRegisterActivityTest.java:83)
	at org.junit.runners.model.FrameworkMethod$1.runReflectiveCall(FrameworkMethod.java:50)
	at org.junit.internal.runners.model.ReflectiveCallable.run(ReflectiveCallable.java:12)
	at org.junit.runners.model.FrameworkMethod.invokeExplosively(FrameworkMethod.java:47)
	at org.junit.internal.runners.statements.RunAfters.evaluate(RunAfters.java:33)
	at org.robolectric.internal.SandboxTestRunner$2.evaluate(SandboxTestRunner.java:253)
	at org.robolectric.internal.SandboxTestRunner.runChild(SandboxTestRunner.java:130)
	at org.robolectric.internal.SandboxTestRunner.runChild(SandboxTestRunner.java:42)
	at org.junit.runners.ParentRunner$3.run(ParentRunner.java:290)
	at org.junit.runners.ParentRunner$1.schedule(ParentRunner.java:71)
	at org.junit.runners.ParentRunner.runChildren(ParentRunner.java:288)
	at org.junit.runners.ParentRunner.access$000(ParentRunner.java:58)
	at org.junit.runners.ParentRunner$2.evaluate(ParentRunner.java:268)
	at org.robolectric.internal.SandboxTestRunner$1.evaluate(SandboxTestRunner.java:84)
	at org.junit.runners.ParentRunner.run(ParentRunner.java:363)
	at org.gradle.api.internal.tasks.testing.junit.JUnitTestClassExecutor.runTestClass(JUnitTestClassExecutor.java:106)
	at org.gradle.api.internal.tasks.testing.junit.JUnitTestClassExecutor.execute(JUnitTestClassExecutor.java:58)
	at org.gradle.api.internal.tasks.testing.junit.JUnitTestClassExecutor.execute(JUnitTestClassExecutor.java:38)
	at org.gradle.api.internal.tasks.testing.junit.AbstractJUnitTestClassProcessor.processTestClass(AbstractJUnitTestClassProcessor.java:66)
	at org.gradle.api.internal.tasks.testing.SuiteTestClassProcessor.processTestClass(SuiteTestClassProcessor.java:51)
	at org.gradle.internal.dispatch.ReflectionDispatch.dispatch(ReflectionDispatch.java:35)
	at org.gradle.internal.dispatch.ReflectionDispatch.dispatch(ReflectionDispatch.java:24)
	at org.gradle.internal.dispatch.ContextClassLoaderDispatch.dispatch(ContextClassLoaderDispatch.java:32)
	at org.gradle.internal.dispatch.ProxyDispatchAdapter$DispatchingInvocationHandler.invoke(ProxyDispatchAdapter.java:93)
	at com.sun.proxy.$Proxy2.processTestClass(Unknown Source)
	at org.gradle.api.internal.tasks.testing.worker.TestWorker.processTestClass(TestWorker.java:117)
	at org.gradle.internal.dispatch.ReflectionDispatch.dispatch(ReflectionDispatch.java:35)
	at org.gradle.internal.dispatch.ReflectionDispatch.dispatch(ReflectionDispatch.java:24)
	at org.gradle.internal.remote.internal.hub.MessageHubBackedObjectConnection$DispatchWrapper.dispatch(MessageHubBackedObjectConnection.java:155)
	at org.gradle.internal.remote.internal.hub.MessageHubBackedObjectConnection$DispatchWrapper.dispatch(MessageHubBackedObjectConnection.java:137)
	at org.gradle.internal.remote.internal.hub.MessageHub$Handler.run(MessageHub.java:404)
	at org.gradle.internal.concurrent.ExecutorPolicy$CatchAndRecordFailures.onExecute(ExecutorPolicy.java:63)
	at org.gradle.internal.concurrent.ManagedExecutorImpl$1.run(ManagedExecutorImpl.java:46)
	at java.util.concurrent.ThreadPoolExecutor.runWorker(ThreadPoolExecutor.java:1142)
	at java.util.concurrent.ThreadPoolExecutor$Worker.run(ThreadPoolExecutor.java:617)
	at org.gradle.internal.concurrent.ThreadFactoryImpl$ManagedThreadRunnable.run(ThreadFactoryImpl.java:55)
	at java.lang.Thread.run(Thread.java:745)
java.lang.IllegalStateException:  Instance does not exist!!! Call org.smartregister.configurableviews.ConfigurableViewsLibrary.init method in the onCreate method of your Application class 
	at org.smartregister.configurableviews.ConfigurableViewsLibrary.getInstance(ConfigurableViewsLibrary.java:35)
	at org.smartregister.anc.library.model.RegisterModel.unregisterViewConfiguration(RegisterModel.java:30)
	at org.smartregister.anc.library.presenter.RegisterPresenter.unregisterViewConfiguration(RegisterPresenter.java:57)
	at org.smartregister.view.activity.BaseRegisterActivity.onStop(BaseRegisterActivity.java:277)
	at android.app.Instrumentation.callActivityOnStop(Instrumentation.java:1277)
	at android.app.Activity.performStop(Activity.java:6142)
	at org.robolectric.util.ReflectionHelpers$7.run(ReflectionHelpers.java:216)
	at org.robolectric.util.ReflectionHelpers.traverseClassHierarchy(ReflectionHelpers.java:362)
	at org.robolectric.util.ReflectionHelpers.callInstanceMethod(ReflectionHelpers.java:210)
	at org.robolectric.android.controller.ComponentController$1.run(ComponentController.java:53)
	at org.robolectric.shadows.ShadowLooper.runPaused(ShadowLooper.java:359)
	at org.robolectric.android.controller.ComponentController.invokeWhilePaused(ComponentController.java:50)
	at org.robolectric.android.controller.ActivityController.stop(ActivityController.java:157)
	at org.smartregister.anc.library.activity.BaseActivityUnitTest.destroyController(BaseActivityUnitTest.java:64)
	at org.smartregister.anc.library.activity.BaseHomeRegisterActivityTest.tearDown(BaseHomeRegisterActivityTest.java:83)
	at org.junit.runners.model.FrameworkMethod$1.runReflectiveCall(FrameworkMethod.java:50)
	at org.junit.internal.runners.model.ReflectiveCallable.run(ReflectiveCallable.java:12)
	at org.junit.runners.model.FrameworkMethod.invokeExplosively(FrameworkMethod.java:47)
	at org.junit.internal.runners.statements.RunAfters.evaluate(RunAfters.java:33)
	at org.robolectric.internal.SandboxTestRunner$2.evaluate(SandboxTestRunner.java:253)
	at org.robolectric.internal.SandboxTestRunner.runChild(SandboxTestRunner.java:130)
	at org.robolectric.internal.SandboxTestRunner.runChild(SandboxTestRunner.java:42)
	at org.junit.runners.ParentRunner$3.run(ParentRunner.java:290)
	at org.junit.runners.ParentRunner$1.schedule(ParentRunner.java:71)
	at org.junit.runners.ParentRunner.runChildren(ParentRunner.java:288)
	at org.junit.runners.ParentRunner.access$000(ParentRunner.java:58)
	at org.junit.runners.ParentRunner$2.evaluate(ParentRunner.java:268)
	at org.robolectric.internal.SandboxTestRunner$1.evaluate(SandboxTestRunner.java:84)
	at org.junit.runners.ParentRunner.run(ParentRunner.java:363)
	at org.gradle.api.internal.tasks.testing.junit.JUnitTestClassExecutor.runTestClass(JUnitTestClassExecutor.java:106)
	at org.gradle.api.internal.tasks.testing.junit.JUnitTestClassExecutor.execute(JUnitTestClassExecutor.java:58)
	at org.gradle.api.internal.tasks.testing.junit.JUnitTestClassExecutor.execute(JUnitTestClassExecutor.java:38)
	at org.gradle.api.internal.tasks.testing.junit.AbstractJUnitTestClassProcessor.processTestClass(AbstractJUnitTestClassProcessor.java:66)
	at org.gradle.api.internal.tasks.testing.SuiteTestClassProcessor.processTestClass(SuiteTestClassProcessor.java:51)
	at org.gradle.internal.dispatch.ReflectionDispatch.dispatch(ReflectionDispatch.java:35)
	at org.gradle.internal.dispatch.ReflectionDispatch.dispatch(ReflectionDispatch.java:24)
	at org.gradle.internal.dispatch.ContextClassLoaderDispatch.dispatch(ContextClassLoaderDispatch.java:32)
	at org.gradle.internal.dispatch.ProxyDispatchAdapter$DispatchingInvocationHandler.invoke(ProxyDispatchAdapter.java:93)
	at com.sun.proxy.$Proxy2.processTestClass(Unknown Source)
	at org.gradle.api.internal.tasks.testing.worker.TestWorker.processTestClass(TestWorker.java:117)
	at org.gradle.internal.dispatch.ReflectionDispatch.dispatch(ReflectionDispatch.java:35)
	at org.gradle.internal.dispatch.ReflectionDispatch.dispatch(ReflectionDispatch.java:24)
	at org.gradle.internal.remote.internal.hub.MessageHubBackedObjectConnection$DispatchWrapper.dispatch(MessageHubBackedObjectConnection.java:155)
	at org.gradle.internal.remote.internal.hub.MessageHubBackedObjectConnection$DispatchWrapper.dispatch(MessageHubBackedObjectConnection.java:137)
	at org.gradle.internal.remote.internal.hub.MessageHub$Handler.run(MessageHub.java:404)
	at org.gradle.internal.concurrent.ExecutorPolicy$CatchAndRecordFailures.onExecute(ExecutorPolicy.java:63)
	at org.gradle.internal.concurrent.ManagedExecutorImpl$1.run(ManagedExecutorImpl.java:46)
	at java.util.concurrent.ThreadPoolExecutor.runWorker(ThreadPoolExecutor.java:1142)
	at java.util.concurrent.ThreadPoolExecutor$Worker.run(ThreadPoolExecutor.java:617)
	at org.gradle.internal.concurrent.ThreadFactoryImpl$ManagedThreadRunnable.run(ThreadFactoryImpl.java:55)
	at java.lang.Thread.run(Thread.java:745)
java.lang.IllegalStateException:  Instance does not exist!!! Call org.smartregister.configurableviews.ConfigurableViewsLibrary.init method in the onCreate method of your Application class 
	at org.smartregister.configurableviews.ConfigurableViewsLibrary.getInstance(ConfigurableViewsLibrary.java:35)
	at org.smartregister.anc.library.model.RegisterModel.unregisterViewConfiguration(RegisterModel.java:30)
	at org.smartregister.anc.library.presenter.RegisterPresenter.unregisterViewConfiguration(RegisterPresenter.java:57)
	at org.smartregister.view.activity.BaseRegisterActivity.onStop(BaseRegisterActivity.java:277)
	at android.app.Instrumentation.callActivityOnStop(Instrumentation.java:1277)
	at android.app.Activity.performStop(Activity.java:6142)
	at org.robolectric.util.ReflectionHelpers$7.run(ReflectionHelpers.java:216)
	at org.robolectric.util.ReflectionHelpers.traverseClassHierarchy(ReflectionHelpers.java:362)
	at org.robolectric.util.ReflectionHelpers.callInstanceMethod(ReflectionHelpers.java:210)
	at org.robolectric.android.controller.ComponentController$1.run(ComponentController.java:53)
	at org.robolectric.shadows.ShadowLooper.runPaused(ShadowLooper.java:359)
	at org.robolectric.android.controller.ComponentController.invokeWhilePaused(ComponentController.java:50)
	at org.robolectric.android.controller.ActivityController.stop(ActivityController.java:157)
	at org.smartregister.anc.library.activity.BaseActivityUnitTest.destroyController(BaseActivityUnitTest.java:64)
	at org.smartregister.anc.library.activity.BaseHomeRegisterActivityTest.tearDown(BaseHomeRegisterActivityTest.java:83)
	at org.junit.runners.model.FrameworkMethod$1.runReflectiveCall(FrameworkMethod.java:50)
	at org.junit.internal.runners.model.ReflectiveCallable.run(ReflectiveCallable.java:12)
	at org.junit.runners.model.FrameworkMethod.invokeExplosively(FrameworkMethod.java:47)
	at org.junit.internal.runners.statements.RunAfters.evaluate(RunAfters.java:33)
	at org.robolectric.internal.SandboxTestRunner$2.evaluate(SandboxTestRunner.java:253)
	at org.robolectric.internal.SandboxTestRunner.runChild(SandboxTestRunner.java:130)
	at org.robolectric.internal.SandboxTestRunner.runChild(SandboxTestRunner.java:42)
	at org.junit.runners.ParentRunner$3.run(ParentRunner.java:290)
	at org.junit.runners.ParentRunner$1.schedule(ParentRunner.java:71)
	at org.junit.runners.ParentRunner.runChildren(ParentRunner.java:288)
	at org.junit.runners.ParentRunner.access$000(ParentRunner.java:58)
	at org.junit.runners.ParentRunner$2.evaluate(ParentRunner.java:268)
	at org.robolectric.internal.SandboxTestRunner$1.evaluate(SandboxTestRunner.java:84)
	at org.junit.runners.ParentRunner.run(ParentRunner.java:363)
	at org.gradle.api.internal.tasks.testing.junit.JUnitTestClassExecutor.runTestClass(JUnitTestClassExecutor.java:106)
	at org.gradle.api.internal.tasks.testing.junit.JUnitTestClassExecutor.execute(JUnitTestClassExecutor.java:58)
	at org.gradle.api.internal.tasks.testing.junit.JUnitTestClassExecutor.execute(JUnitTestClassExecutor.java:38)
	at org.gradle.api.internal.tasks.testing.junit.AbstractJUnitTestClassProcessor.processTestClass(AbstractJUnitTestClassProcessor.java:66)
	at org.gradle.api.internal.tasks.testing.SuiteTestClassProcessor.processTestClass(SuiteTestClassProcessor.java:51)
	at org.gradle.internal.dispatch.ReflectionDispatch.dispatch(ReflectionDispatch.java:35)
	at org.gradle.internal.dispatch.ReflectionDispatch.dispatch(ReflectionDispatch.java:24)
	at org.gradle.internal.dispatch.ContextClassLoaderDispatch.dispatch(ContextClassLoaderDispatch.java:32)
	at org.gradle.internal.dispatch.ProxyDispatchAdapter$DispatchingInvocationHandler.invoke(ProxyDispatchAdapter.java:93)
	at com.sun.proxy.$Proxy2.processTestClass(Unknown Source)
	at org.gradle.api.internal.tasks.testing.worker.TestWorker.processTestClass(TestWorker.java:117)
	at org.gradle.internal.dispatch.ReflectionDispatch.dispatch(ReflectionDispatch.java:35)
	at org.gradle.internal.dispatch.ReflectionDispatch.dispatch(ReflectionDispatch.java:24)
	at org.gradle.internal.remote.internal.hub.MessageHubBackedObjectConnection$DispatchWrapper.dispatch(MessageHubBackedObjectConnection.java:155)
	at org.gradle.internal.remote.internal.hub.MessageHubBackedObjectConnection$DispatchWrapper.dispatch(MessageHubBackedObjectConnection.java:137)
	at org.gradle.internal.remote.internal.hub.MessageHub$Handler.run(MessageHub.java:404)
	at org.gradle.internal.concurrent.ExecutorPolicy$CatchAndRecordFailures.onExecute(ExecutorPolicy.java:63)
	at org.gradle.internal.concurrent.ManagedExecutorImpl$1.run(ManagedExecutorImpl.java:46)
	at java.util.concurrent.ThreadPoolExecutor.runWorker(ThreadPoolExecutor.java:1142)
	at java.util.concurrent.ThreadPoolExecutor$Worker.run(ThreadPoolExecutor.java:617)
	at org.gradle.internal.concurrent.ThreadFactoryImpl$ManagedThreadRunnable.run(ThreadFactoryImpl.java:55)
	at java.lang.Thread.run(Thread.java:745)
</pre>
</span>
</div>
</div>
<div id="footer">
<p>
<div>
<label class="hidden" id="label-for-line-wrapping-toggle" for="line-wrapping-toggle">Wrap lines
<input id="line-wrapping-toggle" type="checkbox" autocomplete="off"/>
</label>
</div>Generated by 
<a href="http://www.gradle.org">Gradle 4.10.1</a> at Jul 31, 2019 2:53:50 PM</p>
</div>
</div>
</body>
</html>
