<!DOCTYPE html>
<html>
<head>
<meta http-equiv="Content-Type" content="text/html; charset=utf-8"/>
<meta http-equiv="x-ua-compatible" content="IE=edge"/>
<title>Test results - Class org.smartregister.anc.library.helper.BottomNavigationHelperDisableShiftModeTest</title>
<link href="../css/base-style.css" rel="stylesheet" type="text/css"/>
<link href="../css/style.css" rel="stylesheet" type="text/css"/>
<script src="../js/report.js" type="text/javascript"></script>
</head>
<body>
<div id="content">
<h1>Class org.smartregister.anc.library.helper.BottomNavigationHelperDisableShiftModeTest</h1>
<div class="breadcrumbs">
<a href="../index.html">all</a> &gt; 
<a href="../packages/org.smartregister.anc.library.helper.html">org.smartregister.anc.library.helper</a> &gt; BottomNavigationHelperDisableShiftModeTest</div>
<div id="summary">
<table>
<tr>
<td>
<div class="summaryGroup">
<table>
<tr>
<td>
<div class="infoBox" id="tests">
<div class="counter">2</div>
<p>tests</p>
</div>
</td>
<td>
<div class="infoBox" id="failures">
<div class="counter">0</div>
<p>failures</p>
</div>
</td>
<td>
<div class="infoBox" id="ignored">
<div class="counter">0</div>
<p>ignored</p>
</div>
</td>
<td>
<div class="infoBox" id="duration">
<div class="counter">4.001s</div>
<p>duration</p>
</div>
</td>
</tr>
</table>
</div>
</td>
<td>
<div class="infoBox success" id="successRate">
<div class="percent">100%</div>
<p>successful</p>
</div>
</td>
</tr>
</table>
</div>
<div id="tabs">
<ul class="tabLinks">
<li>
<a href="#tab0">Tests</a>
</li>
<li>
<a href="#tab1">Standard error</a>
</li>
</ul>
<div id="tab0" class="tab">
<h2>Tests</h2>
<table>
<thead>
<tr>
<th>Test</th>
<th>Duration</th>
<th>Result</th>
</tr>
</thead>
<tr>
<td class="success">testDisableShiftMode</td>
<td class="success">1.906s</td>
<td class="success">passed</td>
</tr>
<tr>
<td class="success">testDisableShiftModeWithNullmShiftModeField</td>
<td class="success">2.095s</td>
<td class="success">passed</td>
</tr>
</table>
</div>
<div id="tab1" class="tab">
<h2>Standard error</h2>
<span class="code">
<pre>java.lang.instrument.IllegalClassFormatException: Error while instrumenting class org/smartregister/configurableviews/ConfigurableViewsLibrary.
	at org.jacoco.agent.rt.internal_8ff85ea.CoverageTransformer.transform(CoverageTransformer.java:93)
	at sun.instrument.TransformerManager.transform(TransformerManager.java:188)
	at sun.instrument.InstrumentationImpl.transform(InstrumentationImpl.java:428)
	at java.lang.ClassLoader.defineClass1(Native Method)
	at java.lang.ClassLoader.defineClass(ClassLoader.java:763)
	at java.lang.ClassLoader.defineClass(ClassLoader.java:642)
	at org.robolectric.internal.bytecode.SandboxClassLoader.maybeInstrumentClass(SandboxClassLoader.java:130)
	at org.robolectric.internal.bytecode.SandboxClassLoader.lambda$findClass$0(SandboxClassLoader.java:107)
	at org.robolectric.util.PerfStatsCollector.measure(PerfStatsCollector.java:50)
	at org.robolectric.internal.bytecode.SandboxClassLoader.findClass(SandboxClassLoader.java:106)
	at java.lang.ClassLoader.loadClass(ClassLoader.java:424)
	at java.lang.ClassLoader.loadClass(ClassLoader.java:357)
	at org.smartregister.anc.library.model.RegisterModel.unregisterViewConfiguration(RegisterModel.java:30)
	at org.smartregister.anc.library.presenter.RegisterPresenter.unregisterViewConfiguration(RegisterPresenter.java:57)
	at org.smartregister.view.activity.BaseRegisterActivity.onStop(BaseRegisterActivity.java:277)
	at android.app.Instrumentation.$$robo$$callActivityOnStop(Instrumentation.java:1277)
	at android.app.Instrumentation.callActivityOnStop(Instrumentation.java)
	at android.app.Activity.$$robo$$performStop(Activity.java:6142)
	at android.app.Activity.performStop(Activity.java)
	at sun.reflect.NativeMethodAccessorImpl.invoke0(Native Method)
	at sun.reflect.NativeMethodAccessorImpl.invoke(NativeMethodAccessorImpl.java:62)
	at sun.reflect.DelegatingMethodAccessorImpl.invoke(DelegatingMethodAccessorImpl.java:43)
	at java.lang.reflect.Method.invoke(Method.java:498)
	at org.robolectric.util.ReflectionHelpers$7.run(ReflectionHelpers.java:216)
	at org.robolectric.util.ReflectionHelpers.traverseClassHierarchy(ReflectionHelpers.java:362)
	at org.robolectric.util.ReflectionHelpers.callInstanceMethod(ReflectionHelpers.java:210)
	at org.robolectric.android.controller.ComponentController$1.run(ComponentController.java:53)
	at org.robolectric.shadows.ShadowLooper.runPaused(ShadowLooper.java:359)
	at org.robolectric.android.controller.ComponentController.invokeWhilePaused(ComponentController.java:50)
	at org.robolectric.android.controller.ActivityController.stop(ActivityController.java:157)
	at org.smartregister.anc.library.activity.BaseActivityUnitTest.destroyController(BaseActivityUnitTest.java:61)
	at org.smartregister.anc.library.helper.BottomNavigationHelperDisableShiftModeTest.tearDown(BottomNavigationHelperDisableShiftModeTest.java:58)
	at sun.reflect.NativeMethodAccessorImpl.invoke0(Native Method)
	at sun.reflect.NativeMethodAccessorImpl.invoke(NativeMethodAccessorImpl.java:62)
	at sun.reflect.DelegatingMethodAccessorImpl.invoke(DelegatingMethodAccessorImpl.java:43)
	at java.lang.reflect.Method.invoke(Method.java:498)
	at org.junit.runners.model.FrameworkMethod$1.runReflectiveCall(FrameworkMethod.java:50)
	at org.junit.internal.runners.model.ReflectiveCallable.run(ReflectiveCallable.java:12)
	at org.junit.runners.model.FrameworkMethod.invokeExplosively(FrameworkMethod.java:47)
	at org.junit.internal.runners.statements.RunAfters.evaluate(RunAfters.java:33)
	at org.robolectric.internal.SandboxTestRunner$2.evaluate(SandboxTestRunner.java:253)
	at org.robolectric.internal.SandboxTestRunner.runChild(SandboxTestRunner.java:130)
	at org.robolectric.internal.SandboxTestRunner.runChild(SandboxTestRunner.java:42)
	at org.junit.runners.ParentRunner$3.run(ParentRunner.java:290)
	at org.junit.runners.ParentRunner$1.schedule(ParentRunner.java:71)
	at org.junit.runners.ParentRunner.runChildren(ParentRunner.java:288)
	at org.junit.runners.ParentRunner.access$000(ParentRunner.java:58)
	at org.junit.runners.ParentRunner$2.evaluate(ParentRunner.java:268)
	at org.robolectric.internal.SandboxTestRunner$1.evaluate(SandboxTestRunner.java:84)
	at org.junit.runners.ParentRunner.run(ParentRunner.java:363)
	at org.gradle.api.internal.tasks.testing.junit.JUnitTestClassExecutor.runTestClass(JUnitTestClassExecutor.java:106)
	at org.gradle.api.internal.tasks.testing.junit.JUnitTestClassExecutor.execute(JUnitTestClassExecutor.java:58)
	at org.gradle.api.internal.tasks.testing.junit.JUnitTestClassExecutor.execute(JUnitTestClassExecutor.java:38)
	at org.gradle.api.internal.tasks.testing.junit.AbstractJUnitTestClassProcessor.processTestClass(AbstractJUnitTestClassProcessor.java:66)
	at org.gradle.api.internal.tasks.testing.SuiteTestClassProcessor.processTestClass(SuiteTestClassProcessor.java:51)
	at sun.reflect.NativeMethodAccessorImpl.invoke0(Native Method)
	at sun.reflect.NativeMethodAccessorImpl.invoke(NativeMethodAccessorImpl.java:62)
	at sun.reflect.DelegatingMethodAccessorImpl.invoke(DelegatingMethodAccessorImpl.java:43)
	at java.lang.reflect.Method.invoke(Method.java:498)
	at org.gradle.internal.dispatch.ReflectionDispatch.dispatch(ReflectionDispatch.java:35)
	at org.gradle.internal.dispatch.ReflectionDispatch.dispatch(ReflectionDispatch.java:24)
	at org.gradle.internal.dispatch.ContextClassLoaderDispatch.dispatch(ContextClassLoaderDispatch.java:32)
	at org.gradle.internal.dispatch.ProxyDispatchAdapter$DispatchingInvocationHandler.invoke(ProxyDispatchAdapter.java:93)
	at com.sun.proxy.$Proxy2.processTestClass(Unknown Source)
	at org.gradle.api.internal.tasks.testing.worker.TestWorker.processTestClass(TestWorker.java:117)
	at sun.reflect.NativeMethodAccessorImpl.invoke0(Native Method)
	at sun.reflect.NativeMethodAccessorImpl.invoke(NativeMethodAccessorImpl.java:62)
	at sun.reflect.DelegatingMethodAccessorImpl.invoke(DelegatingMethodAccessorImpl.java:43)
	at java.lang.reflect.Method.invoke(Method.java:498)
	at org.gradle.internal.dispatch.ReflectionDispatch.dispatch(ReflectionDispatch.java:35)
	at org.gradle.internal.dispatch.ReflectionDispatch.dispatch(ReflectionDispatch.java:24)
	at org.gradle.internal.remote.internal.hub.MessageHubBackedObjectConnection$DispatchWrapper.dispatch(MessageHubBackedObjectConnection.java:155)
	at org.gradle.internal.remote.internal.hub.MessageHubBackedObjectConnection$DispatchWrapper.dispatch(MessageHubBackedObjectConnection.java:137)
	at org.gradle.internal.remote.internal.hub.MessageHub$Handler.run(MessageHub.java:404)
	at org.gradle.internal.concurrent.ExecutorPolicy$CatchAndRecordFailures.onExecute(ExecutorPolicy.java:63)
	at org.gradle.internal.concurrent.ManagedExecutorImpl$1.run(ManagedExecutorImpl.java:46)
	at java.util.concurrent.ThreadPoolExecutor.runWorker(ThreadPoolExecutor.java:1142)
	at java.util.concurrent.ThreadPoolExecutor$Worker.run(ThreadPoolExecutor.java:617)
	at org.gradle.internal.concurrent.ThreadFactoryImpl$ManagedThreadRunnable.run(ThreadFactoryImpl.java:55)
	at java.lang.Thread.run(Thread.java:745)
Caused by: java.io.IOException: Error while instrumenting class org/smartregister/configurableviews/ConfigurableViewsLibrary.
	at org.jacoco.agent.rt.internal_8ff85ea.core.instr.Instrumenter.instrumentError(Instrumenter.java:166)
	at org.jacoco.agent.rt.internal_8ff85ea.core.instr.Instrumenter.instrument(Instrumenter.java:117)
	at org.jacoco.agent.rt.internal_8ff85ea.CoverageTransformer.transform(CoverageTransformer.java:91)
	... 79 more
Caused by: java.lang.IllegalStateException: Class org/smartregister/configurableviews/ConfigurableViewsLibrary is already instrumented.
	at org.jacoco.agent.rt.internal_8ff85ea.core.internal.instr.InstrSupport.assertNotInstrumented(InstrSupport.java:176)
	at org.jacoco.agent.rt.internal_8ff85ea.core.internal.instr.ClassInstrumenter.visitField(ClassInstrumenter.java:55)
	at org.jacoco.agent.rt.internal_8ff85ea.asm.ClassVisitor.visitField(ClassVisitor.java:272)
	at org.jacoco.agent.rt.internal_8ff85ea.asm.ClassReader.readField(ClassReader.java:783)
	at org.jacoco.agent.rt.internal_8ff85ea.asm.ClassReader.accept(ClassReader.java:704)
	at org.jacoco.agent.rt.internal_8ff85ea.asm.ClassReader.accept(ClassReader.java:521)
	at org.jacoco.agent.rt.internal_8ff85ea.core.instr.Instrumenter.instrument(Instrumenter.java:90)
	at org.jacoco.agent.rt.internal_8ff85ea.core.instr.Instrumenter.instrument(Instrumenter.java:114)
	... 80 more
java.lang.IllegalStateException:  Instance does not exist!!! Call org.smartregister.configurableviews.ConfigurableViewsLibrary.init method in the onCreate method of your Application class 
	at org.smartregister.configurableviews.ConfigurableViewsLibrary.getInstance(ConfigurableViewsLibrary.java:35)
	at org.smartregister.anc.library.model.RegisterModel.unregisterViewConfiguration(RegisterModel.java:30)
	at org.smartregister.anc.library.presenter.RegisterPresenter.unregisterViewConfiguration(RegisterPresenter.java:57)
	at org.smartregister.view.activity.BaseRegisterActivity.onStop(BaseRegisterActivity.java:277)
	at android.app.Instrumentation.callActivityOnStop(Instrumentation.java:1277)
	at android.app.Activity.performStop(Activity.java:6142)
	at org.robolectric.util.ReflectionHelpers$7.run(ReflectionHelpers.java:216)
	at org.robolectric.util.ReflectionHelpers.traverseClassHierarchy(ReflectionHelpers.java:362)
	at org.robolectric.util.ReflectionHelpers.callInstanceMethod(ReflectionHelpers.java:210)
	at org.robolectric.android.controller.ComponentController$1.run(ComponentController.java:53)
	at org.robolectric.shadows.ShadowLooper.runPaused(ShadowLooper.java:359)
	at org.robolectric.android.controller.ComponentController.invokeWhilePaused(ComponentController.java:50)
	at org.robolectric.android.controller.ActivityController.stop(ActivityController.java:157)
	at org.smartregister.anc.library.activity.BaseActivityUnitTest.destroyController(BaseActivityUnitTest.java:61)
	at org.smartregister.anc.library.helper.BottomNavigationHelperDisableShiftModeTest.tearDown(BottomNavigationHelperDisableShiftModeTest.java:58)
	at org.junit.runners.model.FrameworkMethod$1.runReflectiveCall(FrameworkMethod.java:50)
	at org.junit.internal.runners.model.ReflectiveCallable.run(ReflectiveCallable.java:12)
	at org.junit.runners.model.FrameworkMethod.invokeExplosively(FrameworkMethod.java:47)
	at org.junit.internal.runners.statements.RunAfters.evaluate(RunAfters.java:33)
	at org.robolectric.internal.SandboxTestRunner$2.evaluate(SandboxTestRunner.java:253)
	at org.robolectric.internal.SandboxTestRunner.runChild(SandboxTestRunner.java:130)
	at org.robolectric.internal.SandboxTestRunner.runChild(SandboxTestRunner.java:42)
	at org.junit.runners.ParentRunner$3.run(ParentRunner.java:290)
	at org.junit.runners.ParentRunner$1.schedule(ParentRunner.java:71)
	at org.junit.runners.ParentRunner.runChildren(ParentRunner.java:288)
	at org.junit.runners.ParentRunner.access$000(ParentRunner.java:58)
	at org.junit.runners.ParentRunner$2.evaluate(ParentRunner.java:268)
	at org.robolectric.internal.SandboxTestRunner$1.evaluate(SandboxTestRunner.java:84)
	at org.junit.runners.ParentRunner.run(ParentRunner.java:363)
	at org.gradle.api.internal.tasks.testing.junit.JUnitTestClassExecutor.runTestClass(JUnitTestClassExecutor.java:106)
	at org.gradle.api.internal.tasks.testing.junit.JUnitTestClassExecutor.execute(JUnitTestClassExecutor.java:58)
	at org.gradle.api.internal.tasks.testing.junit.JUnitTestClassExecutor.execute(JUnitTestClassExecutor.java:38)
	at org.gradle.api.internal.tasks.testing.junit.AbstractJUnitTestClassProcessor.processTestClass(AbstractJUnitTestClassProcessor.java:66)
	at org.gradle.api.internal.tasks.testing.SuiteTestClassProcessor.processTestClass(SuiteTestClassProcessor.java:51)
	at org.gradle.internal.dispatch.ReflectionDispatch.dispatch(ReflectionDispatch.java:35)
	at org.gradle.internal.dispatch.ReflectionDispatch.dispatch(ReflectionDispatch.java:24)
	at org.gradle.internal.dispatch.ContextClassLoaderDispatch.dispatch(ContextClassLoaderDispatch.java:32)
	at org.gradle.internal.dispatch.ProxyDispatchAdapter$DispatchingInvocationHandler.invoke(ProxyDispatchAdapter.java:93)
	at com.sun.proxy.$Proxy2.processTestClass(Unknown Source)
	at org.gradle.api.internal.tasks.testing.worker.TestWorker.processTestClass(TestWorker.java:117)
	at org.gradle.internal.dispatch.ReflectionDispatch.dispatch(ReflectionDispatch.java:35)
	at org.gradle.internal.dispatch.ReflectionDispatch.dispatch(ReflectionDispatch.java:24)
	at org.gradle.internal.remote.internal.hub.MessageHubBackedObjectConnection$DispatchWrapper.dispatch(MessageHubBackedObjectConnection.java:155)
	at org.gradle.internal.remote.internal.hub.MessageHubBackedObjectConnection$DispatchWrapper.dispatch(MessageHubBackedObjectConnection.java:137)
	at org.gradle.internal.remote.internal.hub.MessageHub$Handler.run(MessageHub.java:404)
	at org.gradle.internal.concurrent.ExecutorPolicy$CatchAndRecordFailures.onExecute(ExecutorPolicy.java:63)
	at org.gradle.internal.concurrent.ManagedExecutorImpl$1.run(ManagedExecutorImpl.java:46)
	at java.util.concurrent.ThreadPoolExecutor.runWorker(ThreadPoolExecutor.java:1142)
	at java.util.concurrent.ThreadPoolExecutor$Worker.run(ThreadPoolExecutor.java:617)
	at org.gradle.internal.concurrent.ThreadFactoryImpl$ManagedThreadRunnable.run(ThreadFactoryImpl.java:55)
	at java.lang.Thread.run(Thread.java:745)
java.lang.IllegalStateException:  Instance does not exist!!! Call org.smartregister.configurableviews.ConfigurableViewsLibrary.init method in the onCreate method of your Application class 
	at org.smartregister.configurableviews.ConfigurableViewsLibrary.getInstance(ConfigurableViewsLibrary.java:35)
	at org.smartregister.anc.library.model.RegisterModel.unregisterViewConfiguration(RegisterModel.java:30)
	at org.smartregister.anc.library.presenter.RegisterPresenter.unregisterViewConfiguration(RegisterPresenter.java:57)
	at org.smartregister.view.activity.BaseRegisterActivity.onStop(BaseRegisterActivity.java:277)
	at android.app.Instrumentation.callActivityOnStop(Instrumentation.java:1277)
	at android.app.Activity.performStop(Activity.java:6142)
	at org.robolectric.util.ReflectionHelpers$7.run(ReflectionHelpers.java:216)
	at org.robolectric.util.ReflectionHelpers.traverseClassHierarchy(ReflectionHelpers.java:362)
	at org.robolectric.util.ReflectionHelpers.callInstanceMethod(ReflectionHelpers.java:210)
	at org.robolectric.android.controller.ComponentController$1.run(ComponentController.java:53)
	at org.robolectric.shadows.ShadowLooper.runPaused(ShadowLooper.java:359)
	at org.robolectric.android.controller.ComponentController.invokeWhilePaused(ComponentController.java:50)
	at org.robolectric.android.controller.ActivityController.stop(ActivityController.java:157)
	at org.smartregister.anc.library.activity.BaseActivityUnitTest.destroyController(BaseActivityUnitTest.java:61)
	at org.smartregister.anc.library.helper.BottomNavigationHelperDisableShiftModeTest.tearDown(BottomNavigationHelperDisableShiftModeTest.java:58)
	at org.junit.runners.model.FrameworkMethod$1.runReflectiveCall(FrameworkMethod.java:50)
	at org.junit.internal.runners.model.ReflectiveCallable.run(ReflectiveCallable.java:12)
	at org.junit.runners.model.FrameworkMethod.invokeExplosively(FrameworkMethod.java:47)
	at org.junit.internal.runners.statements.RunAfters.evaluate(RunAfters.java:33)
	at org.robolectric.internal.SandboxTestRunner$2.evaluate(SandboxTestRunner.java:253)
	at org.robolectric.internal.SandboxTestRunner.runChild(SandboxTestRunner.java:130)
	at org.robolectric.internal.SandboxTestRunner.runChild(SandboxTestRunner.java:42)
	at org.junit.runners.ParentRunner$3.run(ParentRunner.java:290)
	at org.junit.runners.ParentRunner$1.schedule(ParentRunner.java:71)
	at org.junit.runners.ParentRunner.runChildren(ParentRunner.java:288)
	at org.junit.runners.ParentRunner.access$000(ParentRunner.java:58)
	at org.junit.runners.ParentRunner$2.evaluate(ParentRunner.java:268)
	at org.robolectric.internal.SandboxTestRunner$1.evaluate(SandboxTestRunner.java:84)
	at org.junit.runners.ParentRunner.run(ParentRunner.java:363)
	at org.gradle.api.internal.tasks.testing.junit.JUnitTestClassExecutor.runTestClass(JUnitTestClassExecutor.java:106)
	at org.gradle.api.internal.tasks.testing.junit.JUnitTestClassExecutor.execute(JUnitTestClassExecutor.java:58)
	at org.gradle.api.internal.tasks.testing.junit.JUnitTestClassExecutor.execute(JUnitTestClassExecutor.java:38)
	at org.gradle.api.internal.tasks.testing.junit.AbstractJUnitTestClassProcessor.processTestClass(AbstractJUnitTestClassProcessor.java:66)
	at org.gradle.api.internal.tasks.testing.SuiteTestClassProcessor.processTestClass(SuiteTestClassProcessor.java:51)
	at org.gradle.internal.dispatch.ReflectionDispatch.dispatch(ReflectionDispatch.java:35)
	at org.gradle.internal.dispatch.ReflectionDispatch.dispatch(ReflectionDispatch.java:24)
	at org.gradle.internal.dispatch.ContextClassLoaderDispatch.dispatch(ContextClassLoaderDispatch.java:32)
	at org.gradle.internal.dispatch.ProxyDispatchAdapter$DispatchingInvocationHandler.invoke(ProxyDispatchAdapter.java:93)
	at com.sun.proxy.$Proxy2.processTestClass(Unknown Source)
	at org.gradle.api.internal.tasks.testing.worker.TestWorker.processTestClass(TestWorker.java:117)
	at org.gradle.internal.dispatch.ReflectionDispatch.dispatch(ReflectionDispatch.java:35)
	at org.gradle.internal.dispatch.ReflectionDispatch.dispatch(ReflectionDispatch.java:24)
	at org.gradle.internal.remote.internal.hub.MessageHubBackedObjectConnection$DispatchWrapper.dispatch(MessageHubBackedObjectConnection.java:155)
	at org.gradle.internal.remote.internal.hub.MessageHubBackedObjectConnection$DispatchWrapper.dispatch(MessageHubBackedObjectConnection.java:137)
	at org.gradle.internal.remote.internal.hub.MessageHub$Handler.run(MessageHub.java:404)
	at org.gradle.internal.concurrent.ExecutorPolicy$CatchAndRecordFailures.onExecute(ExecutorPolicy.java:63)
	at org.gradle.internal.concurrent.ManagedExecutorImpl$1.run(ManagedExecutorImpl.java:46)
	at java.util.concurrent.ThreadPoolExecutor.runWorker(ThreadPoolExecutor.java:1142)
	at java.util.concurrent.ThreadPoolExecutor$Worker.run(ThreadPoolExecutor.java:617)
	at org.gradle.internal.concurrent.ThreadFactoryImpl$ManagedThreadRunnable.run(ThreadFactoryImpl.java:55)
	at java.lang.Thread.run(Thread.java:745)
</pre>
</span>
</div>
</div>
<div id="footer">
<p>
<div>
<label class="hidden" id="label-for-line-wrapping-toggle" for="line-wrapping-toggle">Wrap lines
<input id="line-wrapping-toggle" type="checkbox" autocomplete="off"/>
</label>
</div>Generated by 
<a href="http://www.gradle.org">Gradle 4.10.1</a> at Jul 31, 2019 10:52:09 AM</p>
</div>
</div>
</body>
</html>
